Copyright 1986-2019 Xilinx, Inc. All Rights Reserved.
----------------------------------------------------------------------------------------------------------------------------------------------------------------------------------------
| Tool Version : Vivado v.2019.2 (lin64) Build 2708876 Wed Nov  6 21:39:14 MST 2019
| Date         : Thu Feb 26 11:44:49 2026
| Host         : lc-kjlee-pc running 64-bit Ubuntu 24.04.3 LTS
| Command      : report_clock_utilization -file /home/lc-kjlee-pc/works/fpga/20260202_MLC60_FPGA_100_630A_DDR/MLC_FPGA.reports/post_route_revA_20260226_113801/01/Clock_Utilization.rpt
| Design       : top_with_ddr3
| Device       : 7a100t-fgg676
| Speed File   : -2  PRODUCTION 1.23 2018-06-13
| Design State : Routed
----------------------------------------------------------------------------------------------------------------------------------------------------------------------------------------

Clock Utilization Report

Table of Contents
-----------------
1. Clock Primitive Utilization
2. Global Clock Resources
3. Global Clock Source Details
4. Local Clock Details
5. Clock Regions: Key Resource Utilization
6. Clock Regions : Global Clock Summary
7. Device Cell Placement Summary for Global Clock g0
8. Device Cell Placement Summary for Global Clock g1
9. Device Cell Placement Summary for Global Clock g2
10. Device Cell Placement Summary for Global Clock g3
11. Device Cell Placement Summary for Global Clock g4
12. Device Cell Placement Summary for Global Clock g5
13. Device Cell Placement Summary for Global Clock g6
14. Device Cell Placement Summary for Global Clock g7
15. Device Cell Placement Summary for Global Clock g8
16. Device Cell Placement Summary for Global Clock g9
17. Device Cell Placement Summary for Global Clock g10
18. Device Cell Placement Summary for Global Clock g11
19. Device Cell Placement Summary for Global Clock g12
20. Device Cell Placement Summary for Global Clock g13
21. Device Cell Placement Summary for Global Clock g14
22. Device Cell Placement Summary for Global Clock g15
23. Device Cell Placement Summary for Global Clock g16
24. Device Cell Placement Summary for Global Clock g17
25. Clock Region Cell Placement per Global Clock: Region X0Y0
26. Clock Region Cell Placement per Global Clock: Region X1Y0
27. Clock Region Cell Placement per Global Clock: Region X0Y1
28. Clock Region Cell Placement per Global Clock: Region X1Y1
29. Clock Region Cell Placement per Global Clock: Region X0Y2
30. Clock Region Cell Placement per Global Clock: Region X1Y2
31. Clock Region Cell Placement per Global Clock: Region X0Y3
32. Clock Region Cell Placement per Global Clock: Region X1Y3

1. Clock Primitive Utilization
------------------------------

+----------+------+-----------+-----+--------------+--------+
| Type     | Used | Available | LOC | Clock Region | Pblock |
+----------+------+-----------+-----+--------------+--------+
| BUFGCTRL |   17 |        32 |   0 |            0 |      0 |
| BUFH     |    1 |        96 |   0 |            0 |      0 |
| BUFIO    |    0 |        24 |   0 |            0 |      0 |
| BUFMR    |    0 |        12 |   0 |            0 |      0 |
| BUFR     |    0 |        24 |   0 |            0 |      0 |
| MMCM     |    5 |         6 |   1 |            0 |      0 |
| PLL      |    2 |         6 |   1 |            0 |      0 |
+----------+------+-----------+-----+--------------+--------+


2. Global Clock Resources
-------------------------

+-----------+-----------+-----------------+------------+----------------+--------------+-------------------+-------------+-----------------+--------------+----------------------------------+------------------------------------------------------------------------------------+---------------------------------------------------------------------------------------+
| Global Id | Source Id | Driver Type/Pin | Constraint | Site           | Clock Region | Load Clock Region | Clock Loads | Non-Clock Loads | Clock Period | Clock                            | Driver Pin                                                                         | Net                                                                                   |
+-----------+-----------+-----------------+------------+----------------+--------------+-------------------+-------------+-----------------+--------------+----------------------------------+------------------------------------------------------------------------------------+---------------------------------------------------------------------------------------+
| g0        | src0      | BUFG/O          | None       | BUFGCTRL_X0Y4  | n/a          |                 4 |       14816 |               0 |        3.205 | clk_out1_ip_clk_wiz_power_loader | u_sys_top_with_ddr3/ip_clk_wiz_power_loader/inst/clkout1_buf/O                     | u_sys_top_with_ddr3/ip_clk_wiz_power_loader/inst/clk_out1                             |
| g1        | src1      | BUFG/O          | None       | BUFGCTRL_X0Y19 | n/a          |                 8 |       10007 |               0 |        6.410 | clk_out3_ip_clk_wiz_lcos_pclk    | ip_clk_wiz_lcos_pclk/inst/clkout3_buf/O                                            | ip_clk_wiz_lcos_pclk/inst/clk_out3                                                    |
| g2        | src1      | BUFG/O          | None       | BUFGCTRL_X0Y20 | n/a          |                 5 |        8204 |               0 |       12.821 | clk_out1_ip_clk_wiz_lcos_pclk    | ip_clk_wiz_lcos_pclk/inst/clkout1_buf/O                                            | ip_clk_wiz_lcos_pclk/inst/clk_out1                                                    |
| g3        | src2      | BUFG/O          | None       | BUFGCTRL_X0Y16 | n/a          |                 4 |        4506 |               0 |       12.308 | clk_pll_i                        | u_ddr3_top/u_ip_mig_ddr3/u_ip_mig_ddr3_mig/u_ddr3_infrastructure/u_bufg_clkdiv0/O  | u_ddr3_top/u_ip_mig_ddr3/u_ip_mig_ddr3_mig/u_ddr3_infrastructure/CLK                  |
| g4        | src3      | BUFG/O          | None       | BUFGCTRL_X0Y21 | n/a          |                 3 |        1838 |               0 |       11.574 | clk_out1_ip_clk_wiz_fmc_clk      | u_phy_fmc/ip_clk_wiz_fmc_clk/inst/clkout1_buf/O                                    | u_phy_fmc/ip_clk_wiz_fmc_clk/inst/clk_out1                                            |
| g5        | src4      | BUFG/O          | None       | BUFGCTRL_X0Y0  | n/a          |                 3 |         131 |               0 |       10.121 | clk_out2_ip_clk_wiz_lcos_sftcck  | ip_clk_wiz_lcos_sftcck/inst/clkout2_buf/O                                          | ip_clk_wiz_lcos_sftcck/inst/clk_out2                                                  |
| g6        | src4      | BUFG/O          | None       | BUFGCTRL_X0Y1  | n/a          |                 3 |          83 |               0 |       10.121 | clk_out1_ip_clk_wiz_lcos_sftcck  | ip_clk_wiz_lcos_sftcck/inst/clkout1_buf/O                                          | ip_clk_wiz_lcos_sftcck/inst/clk_out1                                                  |
| g7        | src5      | BUFG/O          | None       | BUFGCTRL_X0Y2  | n/a          |                 3 |          57 |               0 |        5.000 | clk_out2_ip_clk_wiz_ddr3_clk     | ip_clk_wiz_ddr3_clk/inst/clkout2_buf/O                                             | ip_clk_wiz_ddr3_clk/inst/clk_out2                                                     |
| g8        | src1      | BUFG/O          | None       | BUFGCTRL_X0Y17 | n/a          |                 3 |          19 |               0 |       25.641 | clk_out2_ip_clk_wiz_lcos_pclk    | ip_clk_wiz_lcos_pclk/inst/clkout2_buf/O                                            | ip_clk_wiz_lcos_pclk/inst/clk_out2                                                    |
| g9        | src5      | BUFG/O          | None       | BUFGCTRL_X0Y3  | n/a          |                 1 |           1 |               0 |       10.000 | clk_out1_ip_clk_wiz_ddr3_clk     | ip_clk_wiz_ddr3_clk/inst/clkout1_buf/O                                             | ip_clk_wiz_ddr3_clk/inst/clk_out1                                                     |
| g10       | src5      | BUFG/O          | None       | BUFGCTRL_X0Y5  | n/a          |                 1 |           1 |               0 |       10.000 | clkfbout_ip_clk_wiz_ddr3_clk     | ip_clk_wiz_ddr3_clk/inst/clkf_buf/O                                                | ip_clk_wiz_ddr3_clk/inst/clkfbout_buf_ip_clk_wiz_ddr3_clk                             |
| g11       | src1      | BUFG/O          | None       | BUFGCTRL_X0Y18 | n/a          |                 1 |           1 |               0 |       12.821 | clk_out4_ip_clk_wiz_lcos_pclk    | ip_clk_wiz_lcos_pclk/inst/clkout4_buf/O                                            | ip_clk_wiz_lcos_pclk/inst/clk_out4                                                    |
| g12       | src1      | BUFG/O          | None       | BUFGCTRL_X0Y22 | n/a          |                 1 |           1 |               0 |       50.000 | clkfbout_ip_clk_wiz_lcos_pclk    | ip_clk_wiz_lcos_pclk/inst/clkf_buf/O                                               | ip_clk_wiz_lcos_pclk/inst/clkfbout_buf_ip_clk_wiz_lcos_pclk                           |
| g13       | src4      | BUFG/O          | None       | BUFGCTRL_X0Y6  | n/a          |                 1 |           1 |               0 |       38.460 | clkfbout_ip_clk_wiz_lcos_sftcck  | ip_clk_wiz_lcos_sftcck/inst/clkf_buf/O                                             | ip_clk_wiz_lcos_sftcck/inst/clkfbout_buf_ip_clk_wiz_lcos_sftcck                       |
| g14       | src6      | BUFH/O          | None       | BUFHCE_X1Y24   | X1Y2         |                 1 |           1 |               0 |       12.308 | pll_clk3_out                     | u_ddr3_top/u_ip_mig_ddr3/u_ip_mig_ddr3_mig/u_ddr3_infrastructure/u_bufh_pll_clk3/O | u_ddr3_top/u_ip_mig_ddr3/u_ip_mig_ddr3_mig/u_ddr3_infrastructure/pll_clk3             |
| g15       | src3      | BUFG/O          | None       | BUFGCTRL_X0Y23 | n/a          |                 1 |           1 |               0 |       23.148 | clkfbout_ip_clk_wiz_fmc_clk      | u_phy_fmc/ip_clk_wiz_fmc_clk/inst/clkf_buf/O                                       | u_phy_fmc/ip_clk_wiz_fmc_clk/inst/clkfbout_buf_ip_clk_wiz_fmc_clk                     |
| g16       | src1      | BUFG/O          | None       | BUFGCTRL_X0Y24 | n/a          |                 1 |           1 |               0 |        6.410 | clk_out5_ip_clk_wiz_lcos_pclk    | u_sys_top_with_ddr3/ip_clk_wiz_power_loader/inst/clkin1_bufg/O                     | u_sys_top_with_ddr3/ip_clk_wiz_power_loader/inst/clk_in1_ip_clk_wiz_power_loader      |
| g17       | src0      | BUFG/O          | None       | BUFGCTRL_X0Y7  | n/a          |                 1 |           1 |               0 |        6.410 | clkfbout_ip_clk_wiz_power_loader | u_sys_top_with_ddr3/ip_clk_wiz_power_loader/inst/clkf_buf/O                        | u_sys_top_with_ddr3/ip_clk_wiz_power_loader/inst/clkfbout_buf_ip_clk_wiz_power_loader |
+-----------+-----------+-----------------+------------+----------------+--------------+-------------------+-------------+-----------------+--------------+----------------------------------+------------------------------------------------------------------------------------+---------------------------------------------------------------------------------------+
* Clock Loads column represents the clock pin loads (pin count)
** Non-Clock Loads column represents the non-clock pin loads (pin count)


3. Global Clock Source Details
------------------------------

+-----------+-----------+---------------------+-----------------+-----------------+--------------+-------------+-----------------+---------------------+----------------------------------+-------------------------------------------------------------------------------------------+-----------------------------------------------------------------------------------+
| Source Id | Global Id | Driver Type/Pin     | Constraint      | Site            | Clock Region | Clock Loads | Non-Clock Loads | Source Clock Period | Source Clock                     | Driver Pin                                                                                | Net                                                                               |
+-----------+-----------+---------------------+-----------------+-----------------+--------------+-------------+-----------------+---------------------+----------------------------------+-------------------------------------------------------------------------------------------+-----------------------------------------------------------------------------------+
| src0      | g0        | PLLE2_ADV/CLKOUT0   | None            | PLLE2_ADV_X0Y0  | X0Y0         |           1 |               0 |               3.205 | clk_out1_ip_clk_wiz_power_loader | u_sys_top_with_ddr3/ip_clk_wiz_power_loader/inst/plle2_adv_inst/CLKOUT0                   | u_sys_top_with_ddr3/ip_clk_wiz_power_loader/inst/clk_out1_ip_clk_wiz_power_loader |
| src0      | g17       | PLLE2_ADV/CLKFBOUT  | None            | PLLE2_ADV_X0Y0  | X0Y0         |           1 |               0 |               6.410 | clkfbout_ip_clk_wiz_power_loader | u_sys_top_with_ddr3/ip_clk_wiz_power_loader/inst/plle2_adv_inst/CLKFBOUT                  | u_sys_top_with_ddr3/ip_clk_wiz_power_loader/inst/clkfbout_ip_clk_wiz_power_loader |
| src1      | g2        | MMCME2_ADV/CLKOUT0  | None            | MMCME2_ADV_X0Y3 | X0Y3         |           1 |               0 |              12.821 | clk_out1_ip_clk_wiz_lcos_pclk    | ip_clk_wiz_lcos_pclk/inst/mmcm_adv_inst/CLKOUT0                                           | ip_clk_wiz_lcos_pclk/inst/clk_out1_ip_clk_wiz_lcos_pclk                           |
| src1      | g8        | MMCME2_ADV/CLKOUT1  | None            | MMCME2_ADV_X0Y3 | X0Y3         |           1 |               0 |              25.641 | clk_out2_ip_clk_wiz_lcos_pclk    | ip_clk_wiz_lcos_pclk/inst/mmcm_adv_inst/CLKOUT1                                           | ip_clk_wiz_lcos_pclk/inst/clk_out2_ip_clk_wiz_lcos_pclk                           |
| src1      | g1        | MMCME2_ADV/CLKOUT2  | None            | MMCME2_ADV_X0Y3 | X0Y3         |           1 |               0 |               6.410 | clk_out3_ip_clk_wiz_lcos_pclk    | ip_clk_wiz_lcos_pclk/inst/mmcm_adv_inst/CLKOUT2                                           | ip_clk_wiz_lcos_pclk/inst/clk_out3_ip_clk_wiz_lcos_pclk                           |
| src1      | g11       | MMCME2_ADV/CLKOUT3  | None            | MMCME2_ADV_X0Y3 | X0Y3         |           1 |               0 |              12.821 | clk_out4_ip_clk_wiz_lcos_pclk    | ip_clk_wiz_lcos_pclk/inst/mmcm_adv_inst/CLKOUT3                                           | ip_clk_wiz_lcos_pclk/inst/clk_out4_ip_clk_wiz_lcos_pclk                           |
| src1      | g16       | MMCME2_ADV/CLKOUT4  | None            | MMCME2_ADV_X0Y3 | X0Y3         |           1 |               0 |               6.410 | clk_out5_ip_clk_wiz_lcos_pclk    | ip_clk_wiz_lcos_pclk/inst/mmcm_adv_inst/CLKOUT4                                           | ip_clk_wiz_lcos_pclk/inst/clk_out5_ip_clk_wiz_lcos_pclk                           |
| src1      | g12       | MMCME2_ADV/CLKFBOUT | None            | MMCME2_ADV_X0Y3 | X0Y3         |           1 |               0 |              50.000 | clkfbout_ip_clk_wiz_lcos_pclk    | ip_clk_wiz_lcos_pclk/inst/mmcm_adv_inst/CLKFBOUT                                          | ip_clk_wiz_lcos_pclk/inst/clkfbout_ip_clk_wiz_lcos_pclk                           |
| src2      | g3        | MMCME2_ADV/CLKFBOUT | MMCME2_ADV_X1Y2 | MMCME2_ADV_X1Y2 | X1Y2         |           1 |               0 |              12.308 | clk_pll_i                        | u_ddr3_top/u_ip_mig_ddr3/u_ip_mig_ddr3_mig/u_ddr3_infrastructure/gen_mmcm.mmcm_i/CLKFBOUT | u_ddr3_top/u_ip_mig_ddr3/u_ip_mig_ddr3_mig/u_ddr3_infrastructure/clk_pll_i        |
| src3      | g4        | MMCME2_ADV/CLKOUT0  | None            | MMCME2_ADV_X0Y2 | X0Y2         |           1 |               0 |              11.574 | clk_out1_ip_clk_wiz_fmc_clk      | u_phy_fmc/ip_clk_wiz_fmc_clk/inst/mmcm_adv_inst/CLKOUT0                                   | u_phy_fmc/ip_clk_wiz_fmc_clk/inst/clk_out1_ip_clk_wiz_fmc_clk                     |
| src3      | g15       | MMCME2_ADV/CLKFBOUT | None            | MMCME2_ADV_X0Y2 | X0Y2         |           1 |               0 |              23.148 | clkfbout_ip_clk_wiz_fmc_clk      | u_phy_fmc/ip_clk_wiz_fmc_clk/inst/mmcm_adv_inst/CLKFBOUT                                  | u_phy_fmc/ip_clk_wiz_fmc_clk/inst/clkfbout_ip_clk_wiz_fmc_clk                     |
| src4      | g6        | MMCME2_ADV/CLKOUT0  | None            | MMCME2_ADV_X0Y0 | X0Y0         |           1 |               0 |              10.121 | clk_out1_ip_clk_wiz_lcos_sftcck  | ip_clk_wiz_lcos_sftcck/inst/mmcm_adv_inst/CLKOUT0                                         | ip_clk_wiz_lcos_sftcck/inst/clk_out1_ip_clk_wiz_lcos_sftcck                       |
| src4      | g5        | MMCME2_ADV/CLKOUT1  | None            | MMCME2_ADV_X0Y0 | X0Y0         |           1 |               0 |              10.121 | clk_out2_ip_clk_wiz_lcos_sftcck  | ip_clk_wiz_lcos_sftcck/inst/mmcm_adv_inst/CLKOUT1                                         | ip_clk_wiz_lcos_sftcck/inst/clk_out2_ip_clk_wiz_lcos_sftcck                       |
| src4      | g13       | MMCME2_ADV/CLKFBOUT | None            | MMCME2_ADV_X0Y0 | X0Y0         |           1 |               0 |              38.460 | clkfbout_ip_clk_wiz_lcos_sftcck  | ip_clk_wiz_lcos_sftcck/inst/mmcm_adv_inst/CLKFBOUT                                        | ip_clk_wiz_lcos_sftcck/inst/clkfbout_ip_clk_wiz_lcos_sftcck                       |
| src5      | g9        | MMCME2_ADV/CLKOUT0  | None            | MMCME2_ADV_X0Y1 | X0Y1         |           1 |               0 |              10.000 | clk_out1_ip_clk_wiz_ddr3_clk     | ip_clk_wiz_ddr3_clk/inst/mmcm_adv_inst/CLKOUT0                                            | ip_clk_wiz_ddr3_clk/inst/clk_out1_ip_clk_wiz_ddr3_clk                             |
| src5      | g7        | MMCME2_ADV/CLKOUT1  | None            | MMCME2_ADV_X0Y1 | X0Y1         |           1 |               0 |               5.000 | clk_out2_ip_clk_wiz_ddr3_clk     | ip_clk_wiz_ddr3_clk/inst/mmcm_adv_inst/CLKOUT1                                            | ip_clk_wiz_ddr3_clk/inst/clk_out2_ip_clk_wiz_ddr3_clk                             |
| src5      | g10       | MMCME2_ADV/CLKFBOUT | None            | MMCME2_ADV_X0Y1 | X0Y1         |           1 |               0 |              10.000 | clkfbout_ip_clk_wiz_ddr3_clk     | ip_clk_wiz_ddr3_clk/inst/mmcm_adv_inst/CLKFBOUT                                           | ip_clk_wiz_ddr3_clk/inst/clkfbout_ip_clk_wiz_ddr3_clk                             |
| src6      | g14       | PLLE2_ADV/CLKOUT3   | PLLE2_ADV_X1Y2  | PLLE2_ADV_X1Y2  | X1Y2         |           1 |               0 |              12.308 | pll_clk3_out                     | u_ddr3_top/u_ip_mig_ddr3/u_ip_mig_ddr3_mig/u_ddr3_infrastructure/plle2_i/CLKOUT3          | u_ddr3_top/u_ip_mig_ddr3/u_ip_mig_ddr3_mig/u_ddr3_infrastructure/pll_clk3_out     |
+-----------+-----------+---------------------+-----------------+-----------------+--------------+-------------+-----------------+---------------------+----------------------------------+-------------------------------------------------------------------------------------------+-----------------------------------------------------------------------------------+
* Clock Loads column represents the clock pin loads (pin count)
** Non-Clock Loads column represents the non-clock pin loads (pin count)


4. Local Clock Details
----------------------

+----------+----------------------------+---------------------+------------------------------------+--------------+-------------+-----------------+--------------+---------------+-----------------------------------------------------------------------------------------------------------------------------------------------------------------------------------------------------------------+--------------------------------------------------------------------------------------------------------------------------------------------------------------------------------------------------------------+
| Local Id | Driver Type/Pin            | Constraint          | Site/BEL                           | Clock Region | Clock Loads | Non-Clock Loads | Clock Period | Clock         | Driver Pin                                                                                                                                                                                                      | Net                                                                                                                                                                                                          |
+----------+----------------------------+---------------------+------------------------------------+--------------+-------------+-----------------+--------------+---------------+-----------------------------------------------------------------------------------------------------------------------------------------------------------------------------------------------------------------+--------------------------------------------------------------------------------------------------------------------------------------------------------------------------------------------------------------||
| 0        | PLLE2_ADV/CLKOUT0          | PLLE2_ADV_X1Y2      | PLLE2_ADV_X1Y2/PLLE2_ADV           | X1Y2         |           7 |               2 |        1.538 | freq_refclk   | u_ddr3_top/u_ip_mig_ddr3/u_ip_mig_ddr3_mig/u_ddr3_infrastructure/plle2_i/CLKOUT0                                                                                                                                | u_ddr3_top/u_ip_mig_ddr3/u_ip_mig_ddr3_mig/u_ddr3_infrastructure/freq_refclk                                                                                                                                 - Static -
| 1        | PLLE2_ADV/CLKOUT1          | PLLE2_ADV_X1Y2      | PLLE2_ADV_X1Y2/PLLE2_ADV           | X1Y2         |           2 |               7 |        3.077 | mem_refclk    | u_ddr3_top/u_ip_mig_ddr3/u_ip_mig_ddr3_mig/u_ddr3_infrastructure/plle2_i/CLKOUT1                                                                                                                                | u_ddr3_top/u_ip_mig_ddr3/u_ip_mig_ddr3_mig/u_ddr3_infrastructure/mem_refclk                                                                                                                                  - Static -
| 2        | PHASER_OUT_PHY/OCLKDELAYED | PHASER_OUT_PHY_X1Y6 | PHASER_OUT_PHY_X1Y6/PHASER_OUT_PHY | X1Y1         |           2 |               0 |        3.077 | oserdes_clk_3 | u_ddr3_top/u_ip_mig_ddr3/u_ip_mig_ddr3_mig/u_memc_ui_top_std/mem_intfc0/ddr_phy_top0/u_ddr_mc_phy_wrapper/u_ddr_mc_phy/ddr_phy_4lanes_1.u_ddr_phy_4lanes/ddr_byte_lane_C.ddr_byte_lane_C/phaser_out/OCLKDELAYED | u_ddr3_top/u_ip_mig_ddr3/u_ip_mig_ddr3_mig/u_memc_ui_top_std/mem_intfc0/ddr_phy_top0/u_ddr_mc_phy_wrapper/u_ddr_mc_phy/ddr_phy_4lanes_1.u_ddr_phy_4lanes/ddr_byte_lane_C.ddr_byte_lane_C/oserdes_clk_delayed - Static -
| 3        | PHASER_OUT_PHY/OCLKDELAYED | PHASER_OUT_PHY_X1Y7 | PHASER_OUT_PHY_X1Y7/PHASER_OUT_PHY | X1Y1         |           2 |               0 |        3.077 | oserdes_clk_4 | u_ddr3_top/u_ip_mig_ddr3/u_ip_mig_ddr3_mig/u_memc_ui_top_std/mem_intfc0/ddr_phy_top0/u_ddr_mc_phy_wrapper/u_ddr_mc_phy/ddr_phy_4lanes_1.u_ddr_phy_4lanes/ddr_byte_lane_D.ddr_byte_lane_D/phaser_out/OCLKDELAYED | u_ddr3_top/u_ip_mig_ddr3/u_ip_mig_ddr3_mig/u_memc_ui_top_std/mem_intfc0/ddr_phy_top0/u_ddr_mc_phy_wrapper/u_ddr_mc_phy/ddr_phy_4lanes_1.u_ddr_phy_4lanes/ddr_byte_lane_D.ddr_byte_lane_D/oserdes_clk_delayed - Static -
+----------+----------------------------+---------------------+------------------------------------+--------------+-------------+-----------------+--------------+---------------+-----------------------------------------------------------------------------------------------------------------------------------------------------------------------------------------------------------------+--------------------------------------------------------------------------------------------------------------------------------------------------------------------------------------------------------------||
* Local Clocks in this context represents only clocks driven by non-global buffers
** Clock Loads column represents the clock pin loads (pin count)
*** Non-Clock Loads column represents the non-clock pin loads (pin count)


5. Clock Regions: Key Resource Utilization
------------------------------------------

+-------------------+--------------+--------------+--------------+--------------+--------------+--------------+--------------+--------------+--------------+--------------+--------------+--------------+--------------+--------------+--------------+
|                   | Global Clock |     BUFRs    |    BUFMRs    |    BUFIOs    |     MMCM     |      PLL     |      GT      |      PCI     |    ILOGIC    |    OLOGIC    |      FF      |     LUTM     |    RAMB18    |    RAMB36    |    DSP48E2   |
+-------------------+------+-------+------+-------+------+-------+------+-------+------+-------+------+-------+------+-------+------+-------+------+-------+------+-------+------+-------+------+-------+------+-------+------+-------+------+-------+
| Clock Region Name | Used | Avail | Used | Avail | Used | Avail | Used | Avail | Used | Avail | Used | Avail | Used | Avail | Used | Avail | Used | Avail | Used | Avail | Used | Avail | Used | Avail | Used | Avail | Used | Avail | Used | Avail |
+-------------------+------+-------+------+-------+------+-------+------+-------+------+-------+------+-------+------+-------+------+-------+------+-------+------+-------+------+-------+------+-------+------+-------+------+-------+------+-------+
| X0Y0              |    8 |    12 |    0 |     4 |    0 |     2 |    0 |     4 |    1 |     1 |    1 |     1 |    0 |     0 |    0 |     0 |    0 |    50 |    4 |    50 | 1824 |  2600 |  560 |   600 |    8 |    20 |    2 |    10 |    6 |    20 |
| X1Y0              |    1 |    12 |    0 |     0 |    0 |     0 |    0 |     0 |    0 |     0 |    0 |     0 |    0 |     4 |    0 |     0 |    0 |     0 |    0 |     0 | 1679 |  1500 |  763 |   550 |   12 |    40 |    8 |    20 |    5 |    40 |
| X0Y1              |    7 |    12 |    0 |     4 |    0 |     2 |    0 |     4 |    1 |     1 |    0 |     1 |    0 |     0 |    0 |     0 |    0 |    50 |    2 |    50 | 5979 |  2000 | 1939 |   600 |   10 |    20 |    0 |    10 |    8 |    20 |
| X1Y1              |    8 |    12 |    0 |     4 |    0 |     2 |    0 |     4 |    0 |     1 |    0 |     1 |    0 |     0 |    0 |     0 |    0 |    50 |    4 |    50 | 7150 |  1900 | 2752 |   650 |   17 |    60 |   13 |    30 |   19 |    40 |
| X0Y2              |    7 |    12 |    0 |     4 |    0 |     2 |    0 |     4 |    1 |     1 |    0 |     1 |    0 |     0 |    0 |     0 |    0 |    50 |    0 |    50 | 4849 |  2000 | 1098 |   600 |    4 |    20 |    6 |    10 |    7 |    20 |
| X1Y2              |    7 |    12 |    0 |     4 |    0 |     2 |    0 |     4 |    1 |     1 |    1 |     1 |    0 |     0 |    0 |     0 |    0 |    50 |    0 |    50 | 5395 |  1900 | 1751 |   650 |    0 |    60 |   21 |    30 |    7 |    40 |
| X0Y3              |    4 |    12 |    0 |     4 |    0 |     2 |    0 |     4 |    1 |     1 |    0 |     1 |    0 |     0 |    0 |     0 |    0 |    50 |    0 |    50 | 7750 |  2600 | 2067 |   600 |    2 |    20 |    2 |    10 |    9 |    20 |
| X1Y3              |    3 |    12 |    0 |     0 |    0 |     0 |    0 |     0 |    0 |     0 |    0 |     0 |    0 |     4 |    0 |     1 |    0 |     0 |    0 |     0 | 2975 |  1350 | 1221 |   500 |    0 |    30 |    0 |    15 |    8 |    40 |
+-------------------+------+-------+------+-------+------+-------+------+-------+------+-------+------+-------+------+-------+------+-------+------+-------+------+-------+------+-------+------+-------+------+-------+------+-------+------+-------+
* Global Clock column represents track count; while other columns represents cell counts


6. Clock Regions : Global Clock Summary
---------------------------------------

All Modules
+----+----+----+
|    | X0 | X1 |
+----+----+----+
| Y3 |  4 |  3 |
| Y2 |  7 |  7 |
| Y1 |  7 |  8 |
| Y0 |  8 |  1 |
+----+----+----+


7. Device Cell Placement Summary for Global Clock g0
----------------------------------------------------

+-----------+-----------------+-------------------+----------------------------------+-------------+---------------+-------------+----------+----------------+----------+-----------------------------------------------------------+
| Global Id | Driver Type/Pin | Driver Region (D) | Clock                            | Period (ns) | Waveform (ns) | Slice Loads | IO Loads | Clocking Loads | GT Loads | Net                                                       |
+-----------+-----------------+-------------------+----------------------------------+-------------+---------------+-------------+----------+----------------+----------+-----------------------------------------------------------+
| g0        | BUFG/O          | n/a               | clk_out1_ip_clk_wiz_power_loader |       3.205 | {0.000 1.603} |       14560 |        0 |              0 |        0 | u_sys_top_with_ddr3/ip_clk_wiz_power_loader/inst/clk_out1 |
+-----------+-----------------+-------------------+----------------------------------+-------------+---------------+-------------+----------+----------------+----------+-----------------------------------------------------------+
* Slice Loads column represents load cell count of all cell types other than IO, GT and clock resources
** IO Loads column represents load cell count of IO types
*** Clocking Loads column represents load cell count that are clock resources (global clock buffer, MMCM, PLL, etc)
**** GT Loads column represents load cell count of GT types


+----+-------+-------+
|    | X0    | X1    |
+----+-------+-------+
| Y3 |  7597 |  2891 |
| Y2 |  3033 |  1039 |
| Y1 |     0 |     0 |
| Y0 |     0 |     0 |
+----+-------+-------+


8. Device Cell Placement Summary for Global Clock g1
----------------------------------------------------

+-----------+-----------------+-------------------+-------------------------------+-------------+---------------+-------------+----------+----------------+----------+------------------------------------+
| Global Id | Driver Type/Pin | Driver Region (D) | Clock                         | Period (ns) | Waveform (ns) | Slice Loads | IO Loads | Clocking Loads | GT Loads | Net                                |
+-----------+-----------------+-------------------+-------------------------------+-------------+---------------+-------------+----------+----------------+----------+------------------------------------+
| g1        | BUFG/O          | n/a               | clk_out3_ip_clk_wiz_lcos_pclk |       6.410 | {0.000 3.205} |        9870 |        0 |              0 |        0 | ip_clk_wiz_lcos_pclk/inst/clk_out3 |
+-----------+-----------------+-------------------+-------------------------------+-------------+---------------+-------------+----------+----------------+----------+------------------------------------+
* Slice Loads column represents load cell count of all cell types other than IO, GT and clock resources
** IO Loads column represents load cell count of IO types
*** Clocking Loads column represents load cell count that are clock resources (global clock buffer, MMCM, PLL, etc)
**** GT Loads column represents load cell count of GT types


+----+-------+-------+
|    | X0    | X1    |
+----+-------+-------+
| Y3 |   225 |   120 |
| Y2 |   468 |   513 |
| Y1 |  2257 |  2477 |
| Y0 |  1940 |  1870 |
+----+-------+-------+


9. Device Cell Placement Summary for Global Clock g2
----------------------------------------------------

+-----------+-----------------+-------------------+-------------------------------+-------------+---------------+-------------+----------+----------------+----------+------------------------------------+
| Global Id | Driver Type/Pin | Driver Region (D) | Clock                         | Period (ns) | Waveform (ns) | Slice Loads | IO Loads | Clocking Loads | GT Loads | Net                                |
+-----------+-----------------+-------------------+-------------------------------+-------------+---------------+-------------+----------+----------------+----------+------------------------------------+
| g2        | BUFG/O          | n/a               | clk_out1_ip_clk_wiz_lcos_pclk |      12.821 | {0.000 6.410} |        8196 |        0 |              0 |        0 | ip_clk_wiz_lcos_pclk/inst/clk_out1 |
+-----------+-----------------+-------------------+-------------------------------+-------------+---------------+-------------+----------+----------------+----------+------------------------------------+
* Slice Loads column represents load cell count of all cell types other than IO, GT and clock resources
** IO Loads column represents load cell count of IO types
*** Clocking Loads column represents load cell count that are clock resources (global clock buffer, MMCM, PLL, etc)
**** GT Loads column represents load cell count of GT types


+----+-------+-------+
|    | X0    | X1    |
+----+-------+-------+
| Y3 |     1 |     0 |
| Y2 |   752 |  1109 |
| Y1 |  2471 |  3863 |
| Y0 |     0 |     0 |
+----+-------+-------+


10. Device Cell Placement Summary for Global Clock g3
-----------------------------------------------------

+-----------+-----------------+-------------------+-----------+-------------+---------------+-------------+----------+----------------+----------+----------------------------------------------------------------------+
| Global Id | Driver Type/Pin | Driver Region (D) | Clock     | Period (ns) | Waveform (ns) | Slice Loads | IO Loads | Clocking Loads | GT Loads | Net                                                                  |
+-----------+-----------------+-------------------+-----------+-------------+---------------+-------------+----------+----------------+----------+----------------------------------------------------------------------+
| g3        | BUFG/O          | n/a               | clk_pll_i |      12.308 | {0.000 6.154} |        4373 |        0 |              1 |        0 | u_ddr3_top/u_ip_mig_ddr3/u_ip_mig_ddr3_mig/u_ddr3_infrastructure/CLK |
+-----------+-----------------+-------------------+-----------+-------------+---------------+-------------+----------+----------------+----------+----------------------------------------------------------------------+
* Slice Loads column represents load cell count of all cell types other than IO, GT and clock resources
** IO Loads column represents load cell count of IO types
*** Clocking Loads column represents load cell count that are clock resources (global clock buffer, MMCM, PLL, etc)
**** GT Loads column represents load cell count of GT types


+----+------+-------+
|    | X0   | X1    |
+----+------+-------+
| Y3 |    0 |     4 |
| Y2 |  359 |  2912 |
| Y1 |    0 |  1099 |
| Y0 |    0 |     0 |
+----+------+-------+


11. Device Cell Placement Summary for Global Clock g4
-----------------------------------------------------

+-----------+-----------------+-------------------+-----------------------------+-------------+---------------+-------------+----------+----------------+----------+--------------------------------------------+
| Global Id | Driver Type/Pin | Driver Region (D) | Clock                       | Period (ns) | Waveform (ns) | Slice Loads | IO Loads | Clocking Loads | GT Loads | Net                                        |
+-----------+-----------------+-------------------+-----------------------------+-------------+---------------+-------------+----------+----------------+----------+--------------------------------------------+
| g4        | BUFG/O          | n/a               | clk_out1_ip_clk_wiz_fmc_clk |      11.574 | {0.000 5.787} |        1778 |        0 |              0 |        0 | u_phy_fmc/ip_clk_wiz_fmc_clk/inst/clk_out1 |
+-----------+-----------------+-------------------+-----------------------------+-------------+---------------+-------------+----------+----------------+----------+--------------------------------------------+
* Slice Loads column represents load cell count of all cell types other than IO, GT and clock resources
** IO Loads column represents load cell count of IO types
*** Clocking Loads column represents load cell count that are clock resources (global clock buffer, MMCM, PLL, etc)
**** GT Loads column represents load cell count of GT types


+----+-------+-----+
|    | X0    | X1  |
+----+-------+-----+
| Y3 |     0 |   0 |
| Y2 |   255 |   0 |
| Y1 |  1509 |  14 |
| Y0 |     0 |   0 |
+----+-------+-----+


12. Device Cell Placement Summary for Global Clock g5
-----------------------------------------------------

+-----------+-----------------+-------------------+---------------------------------+-------------+---------------+-------------+----------+----------------+----------+--------------------------------------+
| Global Id | Driver Type/Pin | Driver Region (D) | Clock                           | Period (ns) | Waveform (ns) | Slice Loads | IO Loads | Clocking Loads | GT Loads | Net                                  |
+-----------+-----------------+-------------------+---------------------------------+-------------+---------------+-------------+----------+----------------+----------+--------------------------------------+
| g5        | BUFG/O          | n/a               | clk_out2_ip_clk_wiz_lcos_sftcck |      10.121 | {0.000 5.061} |         131 |        0 |              0 |        0 | ip_clk_wiz_lcos_sftcck/inst/clk_out2 |
+-----------+-----------------+-------------------+---------------------------------+-------------+---------------+-------------+----------+----------------+----------+--------------------------------------+
* Slice Loads column represents load cell count of all cell types other than IO, GT and clock resources
** IO Loads column represents load cell count of IO types
*** Clocking Loads column represents load cell count that are clock resources (global clock buffer, MMCM, PLL, etc)
**** GT Loads column represents load cell count of GT types


+----+----+------+
|    | X0 | X1   |
+----+----+------+
| Y3 |  0 |    0 |
| Y2 |  0 |    0 |
| Y1 |  4 |  126 |
| Y0 |  1 |    0 |
+----+----+------+


13. Device Cell Placement Summary for Global Clock g6
-----------------------------------------------------

+-----------+-----------------+-------------------+---------------------------------+-------------+---------------+-------------+----------+----------------+----------+--------------------------------------+
| Global Id | Driver Type/Pin | Driver Region (D) | Clock                           | Period (ns) | Waveform (ns) | Slice Loads | IO Loads | Clocking Loads | GT Loads | Net                                  |
+-----------+-----------------+-------------------+---------------------------------+-------------+---------------+-------------+----------+----------------+----------+--------------------------------------+
| g6        | BUFG/O          | n/a               | clk_out1_ip_clk_wiz_lcos_sftcck |      10.121 | {0.000 5.061} |          83 |        0 |              0 |        0 | ip_clk_wiz_lcos_sftcck/inst/clk_out1 |
+-----------+-----------------+-------------------+---------------------------------+-------------+---------------+-------------+----------+----------------+----------+--------------------------------------+
* Slice Loads column represents load cell count of all cell types other than IO, GT and clock resources
** IO Loads column represents load cell count of IO types
*** Clocking Loads column represents load cell count that are clock resources (global clock buffer, MMCM, PLL, etc)
**** GT Loads column represents load cell count of GT types


+----+----+-----+
|    | X0 | X1  |
+----+----+-----+
| Y3 |  0 |   0 |
| Y2 |  0 |   0 |
| Y1 |  2 |  80 |
| Y0 |  1 |   0 |
+----+----+-----+


14. Device Cell Placement Summary for Global Clock g7
-----------------------------------------------------

+-----------+-----------------+-------------------+------------------------------+-------------+---------------+-------------+----------+----------------+----------+-----------------------------------+
| Global Id | Driver Type/Pin | Driver Region (D) | Clock                        | Period (ns) | Waveform (ns) | Slice Loads | IO Loads | Clocking Loads | GT Loads | Net                               |
+-----------+-----------------+-------------------+------------------------------+-------------+---------------+-------------+----------+----------------+----------+-----------------------------------+
| g7        | BUFG/O          | n/a               | clk_out2_ip_clk_wiz_ddr3_clk |       5.000 | {0.000 2.500} |          57 |        0 |              0 |        0 | ip_clk_wiz_ddr3_clk/inst/clk_out2 |
+-----------+-----------------+-------------------+------------------------------+-------------+---------------+-------------+----------+----------------+----------+-----------------------------------+
* Slice Loads column represents load cell count of all cell types other than IO, GT and clock resources
** IO Loads column represents load cell count of IO types
*** Clocking Loads column represents load cell count that are clock resources (global clock buffer, MMCM, PLL, etc)
**** GT Loads column represents load cell count of GT types


+----+-----+-----+
|    | X0  | X1  |
+----+-----+-----+
| Y3 |   0 |   0 |
| Y2 |  36 |   5 |
| Y1 |   0 |  16 |
| Y0 |   0 |   0 |
+----+-----+-----+


15. Device Cell Placement Summary for Global Clock g8
-----------------------------------------------------

+-----------+-----------------+-------------------+-------------------------------+-------------+----------------+-------------+----------+----------------+----------+------------------------------------+
| Global Id | Driver Type/Pin | Driver Region (D) | Clock                         | Period (ns) | Waveform (ns)  | Slice Loads | IO Loads | Clocking Loads | GT Loads | Net                                |
+-----------+-----------------+-------------------+-------------------------------+-------------+----------------+-------------+----------+----------------+----------+------------------------------------+
| g8        | BUFG/O          | n/a               | clk_out2_ip_clk_wiz_lcos_pclk |      25.641 | {6.410 19.231} |          19 |        0 |              0 |        0 | ip_clk_wiz_lcos_pclk/inst/clk_out2 |
+-----------+-----------------+-------------------+-------------------------------+-------------+----------------+-------------+----------+----------------+----------+------------------------------------+
* Slice Loads column represents load cell count of all cell types other than IO, GT and clock resources
** IO Loads column represents load cell count of IO types
*** Clocking Loads column represents load cell count that are clock resources (global clock buffer, MMCM, PLL, etc)
**** GT Loads column represents load cell count of GT types


+----+----+-----+
|    | X0 | X1  |
+----+----+-----+
| Y3 |  0 |   0 |
| Y2 |  0 |   0 |
| Y1 |  2 |  16 |
| Y0 |  1 |   0 |
+----+----+-----+


16. Device Cell Placement Summary for Global Clock g9
-----------------------------------------------------

+-----------+-----------------+-------------------+------------------------------+-------------+---------------+-------------+----------+----------------+----------+-----------------------------------+
| Global Id | Driver Type/Pin | Driver Region (D) | Clock                        | Period (ns) | Waveform (ns) | Slice Loads | IO Loads | Clocking Loads | GT Loads | Net                               |
+-----------+-----------------+-------------------+------------------------------+-------------+---------------+-------------+----------+----------------+----------+-----------------------------------+
| g9        | BUFG/O          | n/a               | clk_out1_ip_clk_wiz_ddr3_clk |      10.000 | {0.000 5.000} |           0 |        0 |              1 |        0 | ip_clk_wiz_ddr3_clk/inst/clk_out1 |
+-----------+-----------------+-------------------+------------------------------+-------------+---------------+-------------+----------+----------------+----------+-----------------------------------+
* Slice Loads column represents load cell count of all cell types other than IO, GT and clock resources
** IO Loads column represents load cell count of IO types
*** Clocking Loads column represents load cell count that are clock resources (global clock buffer, MMCM, PLL, etc)
**** GT Loads column represents load cell count of GT types


+----+----+----+
|    | X0 | X1 |
+----+----+----+
| Y3 |  0 |  0 |
| Y2 |  0 |  1 |
| Y1 |  0 |  0 |
| Y0 |  0 |  0 |
+----+----+----+


17. Device Cell Placement Summary for Global Clock g10
------------------------------------------------------

+-----------+-----------------+-------------------+------------------------------+-------------+---------------+-------------+----------+----------------+----------+-----------------------------------------------------------+
| Global Id | Driver Type/Pin | Driver Region (D) | Clock                        | Period (ns) | Waveform (ns) | Slice Loads | IO Loads | Clocking Loads | GT Loads | Net                                                       |
+-----------+-----------------+-------------------+------------------------------+-------------+---------------+-------------+----------+----------------+----------+-----------------------------------------------------------+
| g10       | BUFG/O          | n/a               | clkfbout_ip_clk_wiz_ddr3_clk |      10.000 | {0.000 5.000} |           0 |        0 |              1 |        0 | ip_clk_wiz_ddr3_clk/inst/clkfbout_buf_ip_clk_wiz_ddr3_clk |
+-----------+-----------------+-------------------+------------------------------+-------------+---------------+-------------+----------+----------------+----------+-----------------------------------------------------------+
* Slice Loads column represents load cell count of all cell types other than IO, GT and clock resources
** IO Loads column represents load cell count of IO types
*** Clocking Loads column represents load cell count that are clock resources (global clock buffer, MMCM, PLL, etc)
**** GT Loads column represents load cell count of GT types


+----+----+----+
|    | X0 | X1 |
+----+----+----+
| Y3 |  0 |  0 |
| Y2 |  0 |  0 |
| Y1 |  1 |  0 |
| Y0 |  0 |  0 |
+----+----+----+


18. Device Cell Placement Summary for Global Clock g11
------------------------------------------------------

+-----------+-----------------+-------------------+-------------------------------+-------------+---------------+-------------+----------+----------------+----------+------------------------------------+
| Global Id | Driver Type/Pin | Driver Region (D) | Clock                         | Period (ns) | Waveform (ns) | Slice Loads | IO Loads | Clocking Loads | GT Loads | Net                                |
+-----------+-----------------+-------------------+-------------------------------+-------------+---------------+-------------+----------+----------------+----------+------------------------------------+
| g11       | BUFG/O          | n/a               | clk_out4_ip_clk_wiz_lcos_pclk |      12.821 | {0.000 6.410} |           1 |        0 |              0 |        0 | ip_clk_wiz_lcos_pclk/inst/clk_out4 |
+-----------+-----------------+-------------------+-------------------------------+-------------+---------------+-------------+----------+----------------+----------+------------------------------------+
* Slice Loads column represents load cell count of all cell types other than IO, GT and clock resources
** IO Loads column represents load cell count of IO types
*** Clocking Loads column represents load cell count that are clock resources (global clock buffer, MMCM, PLL, etc)
**** GT Loads column represents load cell count of GT types


+----+----+----+
|    | X0 | X1 |
+----+----+----+
| Y3 |  0 |  0 |
| Y2 |  0 |  0 |
| Y1 |  0 |  0 |
| Y0 |  1 |  0 |
+----+----+----+


19. Device Cell Placement Summary for Global Clock g12
------------------------------------------------------

+-----------+-----------------+-------------------+-------------------------------+-------------+----------------+-------------+----------+----------------+----------+-------------------------------------------------------------+
| Global Id | Driver Type/Pin | Driver Region (D) | Clock                         | Period (ns) | Waveform (ns)  | Slice Loads | IO Loads | Clocking Loads | GT Loads | Net                                                         |
+-----------+-----------------+-------------------+-------------------------------+-------------+----------------+-------------+----------+----------------+----------+-------------------------------------------------------------+
| g12       | BUFG/O          | n/a               | clkfbout_ip_clk_wiz_lcos_pclk |      50.000 | {0.000 25.000} |           0 |        0 |              1 |        0 | ip_clk_wiz_lcos_pclk/inst/clkfbout_buf_ip_clk_wiz_lcos_pclk |
+-----------+-----------------+-------------------+-------------------------------+-------------+----------------+-------------+----------+----------------+----------+-------------------------------------------------------------+
* Slice Loads column represents load cell count of all cell types other than IO, GT and clock resources
** IO Loads column represents load cell count of IO types
*** Clocking Loads column represents load cell count that are clock resources (global clock buffer, MMCM, PLL, etc)
**** GT Loads column represents load cell count of GT types


+----+----+----+
|    | X0 | X1 |
+----+----+----+
| Y3 |  1 |  0 |
| Y2 |  0 |  0 |
| Y1 |  0 |  0 |
| Y0 |  0 |  0 |
+----+----+----+


20. Device Cell Placement Summary for Global Clock g13
------------------------------------------------------

+-----------+-----------------+-------------------+---------------------------------+-------------+----------------+-------------+----------+----------------+----------+-----------------------------------------------------------------+
| Global Id | Driver Type/Pin | Driver Region (D) | Clock                           | Period (ns) | Waveform (ns)  | Slice Loads | IO Loads | Clocking Loads | GT Loads | Net                                                             |
+-----------+-----------------+-------------------+---------------------------------+-------------+----------------+-------------+----------+----------------+----------+-----------------------------------------------------------------+
| g13       | BUFG/O          | n/a               | clkfbout_ip_clk_wiz_lcos_sftcck |      38.460 | {0.000 19.230} |           0 |        0 |              1 |        0 | ip_clk_wiz_lcos_sftcck/inst/clkfbout_buf_ip_clk_wiz_lcos_sftcck |
+-----------+-----------------+-------------------+---------------------------------+-------------+----------------+-------------+----------+----------------+----------+-----------------------------------------------------------------+
* Slice Loads column represents load cell count of all cell types other than IO, GT and clock resources
** IO Loads column represents load cell count of IO types
*** Clocking Loads column represents load cell count that are clock resources (global clock buffer, MMCM, PLL, etc)
**** GT Loads column represents load cell count of GT types


+----+----+----+
|    | X0 | X1 |
+----+----+----+
| Y3 |  0 |  0 |
| Y2 |  0 |  0 |
| Y1 |  0 |  0 |
| Y0 |  1 |  0 |
+----+----+----+


21. Device Cell Placement Summary for Global Clock g14
------------------------------------------------------

+-----------+-----------------+-------------------+--------------+-------------+---------------+-------------+----------+----------------+----------+---------------------------------------------------------------------------+
| Global Id | Driver Type/Pin | Driver Region (D) | Clock        | Period (ns) | Waveform (ns) | Slice Loads | IO Loads | Clocking Loads | GT Loads | Net                                                                       |
+-----------+-----------------+-------------------+--------------+-------------+---------------+-------------+----------+----------------+----------+---------------------------------------------------------------------------+
| g14       | BUFH/O          | X1Y2              | pll_clk3_out |      12.308 | {0.000 6.154} |           0 |        0 |              1 |        0 | u_ddr3_top/u_ip_mig_ddr3/u_ip_mig_ddr3_mig/u_ddr3_infrastructure/pll_clk3 |
+-----------+-----------------+-------------------+--------------+-------------+---------------+-------------+----------+----------------+----------+---------------------------------------------------------------------------+
* Slice Loads column represents load cell count of all cell types other than IO, GT and clock resources
** IO Loads column represents load cell count of IO types
*** Clocking Loads column represents load cell count that are clock resources (global clock buffer, MMCM, PLL, etc)
**** GT Loads column represents load cell count of GT types


+----+----+--------+
|    | X0 | X1     |
+----+----+--------+
| Y3 |  0 |      0 |
| Y2 |  0 |  (D) 1 |
| Y1 |  0 |      0 |
| Y0 |  0 |      0 |
+----+----+--------+


22. Device Cell Placement Summary for Global Clock g15
------------------------------------------------------

+-----------+-----------------+-------------------+-----------------------------+-------------+----------------+-------------+----------+----------------+----------+-------------------------------------------------------------------+
| Global Id | Driver Type/Pin | Driver Region (D) | Clock                       | Period (ns) | Waveform (ns)  | Slice Loads | IO Loads | Clocking Loads | GT Loads | Net                                                               |
+-----------+-----------------+-------------------+-----------------------------+-------------+----------------+-------------+----------+----------------+----------+-------------------------------------------------------------------+
| g15       | BUFG/O          | n/a               | clkfbout_ip_clk_wiz_fmc_clk |      23.148 | {0.000 11.574} |           0 |        0 |              1 |        0 | u_phy_fmc/ip_clk_wiz_fmc_clk/inst/clkfbout_buf_ip_clk_wiz_fmc_clk |
+-----------+-----------------+-------------------+-----------------------------+-------------+----------------+-------------+----------+----------------+----------+-------------------------------------------------------------------+
* Slice Loads column represents load cell count of all cell types other than IO, GT and clock resources
** IO Loads column represents load cell count of IO types
*** Clocking Loads column represents load cell count that are clock resources (global clock buffer, MMCM, PLL, etc)
**** GT Loads column represents load cell count of GT types


+----+----+----+
|    | X0 | X1 |
+----+----+----+
| Y3 |  0 |  0 |
| Y2 |  1 |  0 |
| Y1 |  0 |  0 |
| Y0 |  0 |  0 |
+----+----+----+


23. Device Cell Placement Summary for Global Clock g16
------------------------------------------------------

+-----------+-----------------+-------------------+-------------------------------+-------------+---------------+-------------+----------+----------------+----------+----------------------------------------------------------------------------------+
| Global Id | Driver Type/Pin | Driver Region (D) | Clock                         | Period (ns) | Waveform (ns) | Slice Loads | IO Loads | Clocking Loads | GT Loads | Net                                                                              |
+-----------+-----------------+-------------------+-------------------------------+-------------+---------------+-------------+----------+----------------+----------+----------------------------------------------------------------------------------+
| g16       | BUFG/O          | n/a               | clk_out5_ip_clk_wiz_lcos_pclk |       6.410 | {0.000 3.205} |           0 |        0 |              1 |        0 | u_sys_top_with_ddr3/ip_clk_wiz_power_loader/inst/clk_in1_ip_clk_wiz_power_loader |
+-----------+-----------------+-------------------+-------------------------------+-------------+---------------+-------------+----------+----------------+----------+----------------------------------------------------------------------------------+
* Slice Loads column represents load cell count of all cell types other than IO, GT and clock resources
** IO Loads column represents load cell count of IO types
*** Clocking Loads column represents load cell count that are clock resources (global clock buffer, MMCM, PLL, etc)
**** GT Loads column represents load cell count of GT types


+----+----+----+
|    | X0 | X1 |
+----+----+----+
| Y3 |  0 |  0 |
| Y2 |  0 |  0 |
| Y1 |  0 |  0 |
| Y0 |  1 |  0 |
+----+----+----+


24. Device Cell Placement Summary for Global Clock g17
------------------------------------------------------

+-----------+-----------------+-------------------+----------------------------------+-------------+---------------+-------------+----------+----------------+----------+---------------------------------------------------------------------------------------+
| Global Id | Driver Type/Pin | Driver Region (D) | Clock                            | Period (ns) | Waveform (ns) | Slice Loads | IO Loads | Clocking Loads | GT Loads | Net                                                                                   |
+-----------+-----------------+-------------------+----------------------------------+-------------+---------------+-------------+----------+----------------+----------+---------------------------------------------------------------------------------------+
| g17       | BUFG/O          | n/a               | clkfbout_ip_clk_wiz_power_loader |       6.410 | {0.000 3.205} |           0 |        0 |              1 |        0 | u_sys_top_with_ddr3/ip_clk_wiz_power_loader/inst/clkfbout_buf_ip_clk_wiz_power_loader |
+-----------+-----------------+-------------------+----------------------------------+-------------+---------------+-------------+----------+----------------+----------+---------------------------------------------------------------------------------------+
* Slice Loads column represents load cell count of all cell types other than IO, GT and clock resources
** IO Loads column represents load cell count of IO types
*** Clocking Loads column represents load cell count that are clock resources (global clock buffer, MMCM, PLL, etc)
**** GT Loads column represents load cell count of GT types


+----+----+----+
|    | X0 | X1 |
+----+----+----+
| Y3 |  0 |  0 |
| Y2 |  0 |  0 |
| Y1 |  0 |  0 |
| Y0 |  1 |  0 |
+----+----+----+


25. Clock Region Cell Placement per Global Clock: Region X0Y0
-------------------------------------------------------------

+-----------+-------+-----------------+------------+-------------+-----------------+------+--------+------+-----+----+------+-----+---------+---------------------------------------------------------------------------------------+
| Global Id | Track | Driver Type/Pin | Constraint | Clock Loads | Non-Clock Loads | FF   | LUTRAM | RAMB | DSP | GT | MMCM | PLL | Hard IP | Net                                                                                   |
+-----------+-------+-----------------+------------+-------------+-----------------+------+--------+------+-----+----+------+-----+---------+---------------------------------------------------------------------------------------+
| g1        | n/a   | BUFG/O          | None       |        1940 |               0 | 1824 |     92 |   10 |   6 |  0 |    0 |   0 |       0 | ip_clk_wiz_lcos_pclk/inst/clk_out3                                                    |
| g5        | n/a   | BUFG/O          | None       |           1 |               0 |    0 |      0 |    0 |   0 |  0 |    0 |   0 |       0 | ip_clk_wiz_lcos_sftcck/inst/clk_out2                                                  |
| g6        | n/a   | BUFG/O          | None       |           1 |               0 |    0 |      0 |    0 |   0 |  0 |    0 |   0 |       0 | ip_clk_wiz_lcos_sftcck/inst/clk_out1                                                  |
| g8        | n/a   | BUFG/O          | None       |           1 |               0 |    0 |      0 |    0 |   0 |  0 |    0 |   0 |       0 | ip_clk_wiz_lcos_pclk/inst/clk_out2                                                    |
| g11       | n/a   | BUFG/O          | None       |           1 |               0 |    0 |      0 |    0 |   0 |  0 |    0 |   0 |       0 | ip_clk_wiz_lcos_pclk/inst/clk_out4                                                    |
| g13       | n/a   | BUFG/O          | None       |           1 |               0 |    0 |      0 |    0 |   0 |  0 |    1 |   0 |       0 | ip_clk_wiz_lcos_sftcck/inst/clkfbout_buf_ip_clk_wiz_lcos_sftcck                       |
| g16       | n/a   | BUFG/O          | None       |           1 |               0 |    0 |      0 |    0 |   0 |  0 |    0 |   1 |       0 | u_sys_top_with_ddr3/ip_clk_wiz_power_loader/inst/clk_in1_ip_clk_wiz_power_loader      |
| g17       | n/a   | BUFG/O          | None       |           1 |               0 |    0 |      0 |    0 |   0 |  0 |    0 |   1 |       0 | u_sys_top_with_ddr3/ip_clk_wiz_power_loader/inst/clkfbout_buf_ip_clk_wiz_power_loader |
+-----------+-------+-----------------+------------+-------------+-----------------+------+--------+------+-----+----+------+-----+---------+---------------------------------------------------------------------------------------+
* Clock Loads column represents the clock pin loads (pin count)
** Non-Clock Loads column represents the non-clock pin loads (pin count)
*** Columns FF, LUTRAM, RAMB through 'Hard IP' represents load cell counts


26. Clock Region Cell Placement per Global Clock: Region X1Y0
-------------------------------------------------------------

+-----------+-------+-----------------+------------+-------------+-----------------+------+--------+------+-----+----+------+-----+---------+------------------------------------+
| Global Id | Track | Driver Type/Pin | Constraint | Clock Loads | Non-Clock Loads | FF   | LUTRAM | RAMB | DSP | GT | MMCM | PLL | Hard IP | Net                                |
+-----------+-------+-----------------+------------+-------------+-----------------+------+--------+------+-----+----+------+-----+---------+------------------------------------+
| g1        | n/a   | BUFG/O          | None       |        1870 |               0 | 1679 |    154 |   20 |   5 |  0 |    0 |   0 |       0 | ip_clk_wiz_lcos_pclk/inst/clk_out3 |
+-----------+-------+-----------------+------------+-------------+-----------------+------+--------+------+-----+----+------+-----+---------+------------------------------------+
* Clock Loads column represents the clock pin loads (pin count)
** Non-Clock Loads column represents the non-clock pin loads (pin count)
*** Columns FF, LUTRAM, RAMB through 'Hard IP' represents load cell counts


27. Clock Region Cell Placement per Global Clock: Region X0Y1
-------------------------------------------------------------

+-----------+-------+-----------------+------------+-------------+-----------------+------+--------+------+-----+----+------+-----+---------+-----------------------------------------------------------+
| Global Id | Track | Driver Type/Pin | Constraint | Clock Loads | Non-Clock Loads | FF   | LUTRAM | RAMB | DSP | GT | MMCM | PLL | Hard IP | Net                                                       |
+-----------+-------+-----------------+------------+-------------+-----------------+------+--------+------+-----+----+------+-----+---------+-----------------------------------------------------------+
| g1        | n/a   | BUFG/O          | None       |        2257 |               0 | 2033 |    198 |   10 |   8 |  0 |    0 |   0 |       0 | ip_clk_wiz_lcos_pclk/inst/clk_out3                        |
| g2        | n/a   | BUFG/O          | None       |        2471 |               0 | 2431 |     38 |    0 |   0 |  0 |    0 |   0 |       0 | ip_clk_wiz_lcos_pclk/inst/clk_out1                        |
| g4        | n/a   | BUFG/O          | None       |        1509 |               0 | 1509 |      0 |    0 |   0 |  0 |    0 |   0 |       0 | u_phy_fmc/ip_clk_wiz_fmc_clk/inst/clk_out1                |
| g5        | n/a   | BUFG/O          | None       |           4 |               0 |    2 |      0 |    0 |   0 |  0 |    0 |   0 |       0 | ip_clk_wiz_lcos_sftcck/inst/clk_out2                      |
| g6        | n/a   | BUFG/O          | None       |           2 |               0 |    2 |      0 |    0 |   0 |  0 |    0 |   0 |       0 | ip_clk_wiz_lcos_sftcck/inst/clk_out1                      |
| g8        | n/a   | BUFG/O          | None       |           2 |               0 |    2 |      0 |    0 |   0 |  0 |    0 |   0 |       0 | ip_clk_wiz_lcos_pclk/inst/clk_out2                        |
| g10       | n/a   | BUFG/O          | None       |           1 |               0 |    0 |      0 |    0 |   0 |  0 |    1 |   0 |       0 | ip_clk_wiz_ddr3_clk/inst/clkfbout_buf_ip_clk_wiz_ddr3_clk |
+-----------+-------+-----------------+------------+-------------+-----------------+------+--------+------+-----+----+------+-----+---------+-----------------------------------------------------------+
* Clock Loads column represents the clock pin loads (pin count)
** Non-Clock Loads column represents the non-clock pin loads (pin count)
*** Columns FF, LUTRAM, RAMB through 'Hard IP' represents load cell counts


28. Clock Region Cell Placement per Global Clock: Region X1Y1
-------------------------------------------------------------

+-----------+-------+-----------------+------------+-------------+-----------------+------+--------+------+-----+----+------+-----+---------+----------------------------------------------------------------------+
| Global Id | Track | Driver Type/Pin | Constraint | Clock Loads | Non-Clock Loads | FF   | LUTRAM | RAMB | DSP | GT | MMCM | PLL | Hard IP | Net                                                                  |
+-----------+-------+-----------------+------------+-------------+-----------------+------+--------+------+-----+----+------+-----+---------+----------------------------------------------------------------------+
| g1        | n/a   | BUFG/O          | None       |        2477 |               0 | 2106 |    316 |   21 |  17 |  0 |    0 |   0 |       0 | ip_clk_wiz_lcos_pclk/inst/clk_out3                                   |
| g2        | n/a   | BUFG/O          | None       |        3863 |               0 | 3728 |    124 |    9 |   2 |  0 |    0 |   0 |       0 | ip_clk_wiz_lcos_pclk/inst/clk_out1                                   |
| g3        | n/a   | BUFG/O          | None       |        1099 |               0 | 1067 |      5 |    2 |   0 |  0 |    0 |   0 |       0 | u_ddr3_top/u_ip_mig_ddr3/u_ip_mig_ddr3_mig/u_ddr3_infrastructure/CLK |
| g4        | n/a   | BUFG/O          | None       |          14 |               0 |   14 |      0 |    0 |   0 |  0 |    0 |   0 |       0 | u_phy_fmc/ip_clk_wiz_fmc_clk/inst/clk_out1                           |
| g5        | n/a   | BUFG/O          | None       |         126 |               0 |  124 |      0 |    2 |   0 |  0 |    0 |   0 |       0 | ip_clk_wiz_lcos_sftcck/inst/clk_out2                                 |
| g6        | n/a   | BUFG/O          | None       |          80 |               0 |   80 |      0 |    0 |   0 |  0 |    0 |   0 |       0 | ip_clk_wiz_lcos_sftcck/inst/clk_out1                                 |
| g7        | n/a   | BUFG/O          | None       |          16 |               0 |   15 |      0 |    0 |   0 |  0 |    0 |   0 |       0 | ip_clk_wiz_ddr3_clk/inst/clk_out2                                    |
| g8        | n/a   | BUFG/O          | None       |          16 |               0 |   16 |      0 |    0 |   0 |  0 |    0 |   0 |       0 | ip_clk_wiz_lcos_pclk/inst/clk_out2                                   |
+-----------+-------+-----------------+------------+-------------+-----------------+------+--------+------+-----+----+------+-----+---------+----------------------------------------------------------------------+
* Clock Loads column represents the clock pin loads (pin count)
** Non-Clock Loads column represents the non-clock pin loads (pin count)
*** Columns FF, LUTRAM, RAMB through 'Hard IP' represents load cell counts


29. Clock Region Cell Placement per Global Clock: Region X0Y2
-------------------------------------------------------------

+-----------+-------+-----------------+------------+-------------+-----------------+------+--------+------+-----+----+------+-----+---------+----------------------------------------------------------------------+
| Global Id | Track | Driver Type/Pin | Constraint | Clock Loads | Non-Clock Loads | FF   | LUTRAM | RAMB | DSP | GT | MMCM | PLL | Hard IP | Net                                                                  |
+-----------+-------+-----------------+------------+-------------+-----------------+------+--------+------+-----+----+------+-----+---------+----------------------------------------------------------------------+
| g0        | n/a   | BUFG/O          | None       |        3033 |               0 | 3033 |      0 |    0 |   0 |  0 |    0 |   0 |       0 | u_sys_top_with_ddr3/ip_clk_wiz_power_loader/inst/clk_out1            |
| g1        | n/a   | BUFG/O          | None       |         468 |               0 |  415 |     32 |   10 |   7 |  0 |    0 |   0 |       0 | ip_clk_wiz_lcos_pclk/inst/clk_out3                                   |
| g2        | n/a   | BUFG/O          | None       |         752 |               0 |  751 |      0 |    0 |   0 |  0 |    0 |   0 |       0 | ip_clk_wiz_lcos_pclk/inst/clk_out1                                   |
| g3        | n/a   | BUFG/O          | None       |         359 |               0 |  359 |      0 |    0 |   0 |  0 |    0 |   0 |       0 | u_ddr3_top/u_ip_mig_ddr3/u_ip_mig_ddr3_mig/u_ddr3_infrastructure/CLK |
| g4        | n/a   | BUFG/O          | None       |         255 |               0 |  255 |      0 |    0 |   0 |  0 |    0 |   0 |       0 | u_phy_fmc/ip_clk_wiz_fmc_clk/inst/clk_out1                           |
| g7        | n/a   | BUFG/O          | None       |          36 |               0 |   36 |      0 |    0 |   0 |  0 |    0 |   0 |       0 | ip_clk_wiz_ddr3_clk/inst/clk_out2                                    |
| g15       | n/a   | BUFG/O          | None       |           1 |               0 |    0 |      0 |    0 |   0 |  0 |    1 |   0 |       0 | u_phy_fmc/ip_clk_wiz_fmc_clk/inst/clkfbout_buf_ip_clk_wiz_fmc_clk    |
+-----------+-------+-----------------+------------+-------------+-----------------+------+--------+------+-----+----+------+-----+---------+----------------------------------------------------------------------+
* Clock Loads column represents the clock pin loads (pin count)
** Non-Clock Loads column represents the non-clock pin loads (pin count)
*** Columns FF, LUTRAM, RAMB through 'Hard IP' represents load cell counts


30. Clock Region Cell Placement per Global Clock: Region X1Y2
-------------------------------------------------------------

+-----------+-------+-----------------+------------+-------------+-----------------+------+--------+------+-----+----+------+-----+---------+---------------------------------------------------------------------------+
| Global Id | Track | Driver Type/Pin | Constraint | Clock Loads | Non-Clock Loads | FF   | LUTRAM | RAMB | DSP | GT | MMCM | PLL | Hard IP | Net                                                                       |
+-----------+-------+-----------------+------------+-------------+-----------------+------+--------+------+-----+----+------+-----+---------+---------------------------------------------------------------------------+
| g0        | n/a   | BUFG/O          | None       |        1039 |               0 | 1039 |      0 |    0 |   0 |  0 |    0 |   0 |       0 | u_sys_top_with_ddr3/ip_clk_wiz_power_loader/inst/clk_out1                 |
| g1        | n/a   | BUFG/O          | None       |         513 |               0 |  374 |    120 |   10 |   7 |  0 |    0 |   0 |       0 | ip_clk_wiz_lcos_pclk/inst/clk_out3                                        |
| g2        | n/a   | BUFG/O          | None       |        1109 |               0 | 1097 |      0 |   12 |   0 |  0 |    0 |   0 |       0 | ip_clk_wiz_lcos_pclk/inst/clk_out1                                        |
| g3        | n/a   | BUFG/O          | None       |        2912 |               0 | 2880 |     13 |   11 |   0 |  0 |    1 |   0 |       0 | u_ddr3_top/u_ip_mig_ddr3/u_ip_mig_ddr3_mig/u_ddr3_infrastructure/CLK      |
| g7        | n/a   | BUFG/O          | None       |           5 |               0 |    5 |      0 |    0 |   0 |  0 |    0 |   0 |       0 | ip_clk_wiz_ddr3_clk/inst/clk_out2                                         |
| g9        | n/a   | BUFG/O          | None       |           1 |               0 |    0 |      0 |    0 |   0 |  0 |    0 |   1 |       0 | ip_clk_wiz_ddr3_clk/inst/clk_out1                                         |
| g14       | n/a   | BUFH/O          | None       |           1 |               0 |    0 |      0 |    0 |   0 |  0 |    1 |   0 |       0 | u_ddr3_top/u_ip_mig_ddr3/u_ip_mig_ddr3_mig/u_ddr3_infrastructure/pll_clk3 |
+-----------+-------+-----------------+------------+-------------+-----------------+------+--------+------+-----+----+------+-----+---------+---------------------------------------------------------------------------+
* Clock Loads column represents the clock pin loads (pin count)
** Non-Clock Loads column represents the non-clock pin loads (pin count)
*** Columns FF, LUTRAM, RAMB through 'Hard IP' represents load cell counts


31. Clock Region Cell Placement per Global Clock: Region X0Y3
-------------------------------------------------------------

+-----------+-------+-----------------+------------+-------------+-----------------+------+--------+------+-----+----+------+-----+---------+-------------------------------------------------------------+
| Global Id | Track | Driver Type/Pin | Constraint | Clock Loads | Non-Clock Loads | FF   | LUTRAM | RAMB | DSP | GT | MMCM | PLL | Hard IP | Net                                                         |
+-----------+-------+-----------------+------------+-------------+-----------------+------+--------+------+-----+----+------+-----+---------+-------------------------------------------------------------+
| g0        | n/a   | BUFG/O          | None       |        7597 |               0 | 7597 |      0 |    0 |   0 |  0 |    0 |   0 |       0 | u_sys_top_with_ddr3/ip_clk_wiz_power_loader/inst/clk_out1   |
| g1        | n/a   | BUFG/O          | None       |         225 |               0 |  153 |     56 |    3 |   9 |  0 |    0 |   0 |       0 | ip_clk_wiz_lcos_pclk/inst/clk_out3                          |
| g2        | n/a   | BUFG/O          | None       |           1 |               0 |    0 |      0 |    1 |   0 |  0 |    0 |   0 |       0 | ip_clk_wiz_lcos_pclk/inst/clk_out1                          |
| g12       | n/a   | BUFG/O          | None       |           1 |               0 |    0 |      0 |    0 |   0 |  0 |    1 |   0 |       0 | ip_clk_wiz_lcos_pclk/inst/clkfbout_buf_ip_clk_wiz_lcos_pclk |
+-----------+-------+-----------------+------------+-------------+-----------------+------+--------+------+-----+----+------+-----+---------+-------------------------------------------------------------+
* Clock Loads column represents the clock pin loads (pin count)
** Non-Clock Loads column represents the non-clock pin loads (pin count)
*** Columns FF, LUTRAM, RAMB through 'Hard IP' represents load cell counts


32. Clock Region Cell Placement per Global Clock: Region X1Y3
-------------------------------------------------------------

+-----------+-------+-----------------+------------+-------------+-----------------+------+--------+------+-----+----+------+-----+---------+----------------------------------------------------------------------+
| Global Id | Track | Driver Type/Pin | Constraint | Clock Loads | Non-Clock Loads | FF   | LUTRAM | RAMB | DSP | GT | MMCM | PLL | Hard IP | Net                                                                  |
+-----------+-------+-----------------+------------+-------------+-----------------+------+--------+------+-----+----+------+-----+---------+----------------------------------------------------------------------+
| g0        | n/a   | BUFG/O          | None       |        2891 |               0 | 2891 |      0 |    0 |   0 |  0 |    0 |   0 |       0 | u_sys_top_with_ddr3/ip_clk_wiz_power_loader/inst/clk_out1            |
| g1        | n/a   | BUFG/O          | None       |         120 |               0 |   80 |     32 |    0 |   8 |  0 |    0 |   0 |       0 | ip_clk_wiz_lcos_pclk/inst/clk_out3                                   |
| g3        | n/a   | BUFG/O          | None       |           4 |               0 |    4 |      0 |    0 |   0 |  0 |    0 |   0 |       0 | u_ddr3_top/u_ip_mig_ddr3/u_ip_mig_ddr3_mig/u_ddr3_infrastructure/CLK |
+-----------+-------+-----------------+------------+-------------+-----------------+------+--------+------+-----+----+------+-----+---------+----------------------------------------------------------------------+
* Clock Loads column represents the clock pin loads (pin count)
** Non-Clock Loads column represents the non-clock pin loads (pin count)
*** Columns FF, LUTRAM, RAMB through 'Hard IP' represents load cell counts



# Location of BUFG Primitives 
set_property LOC BUFGCTRL_X0Y7 [get_cells u_sys_top_with_ddr3/ip_clk_wiz_power_loader/inst/clkf_buf]
set_property LOC BUFGCTRL_X0Y4 [get_cells u_sys_top_with_ddr3/ip_clk_wiz_power_loader/inst/clkout1_buf]
set_property LOC BUFGCTRL_X0Y24 [get_cells u_sys_top_with_ddr3/ip_clk_wiz_power_loader/inst/clkin1_bufg]
set_property LOC BUFGCTRL_X0Y23 [get_cells u_phy_fmc/ip_clk_wiz_fmc_clk/inst/clkf_buf]
set_property LOC BUFGCTRL_X0Y21 [get_cells u_phy_fmc/ip_clk_wiz_fmc_clk/inst/clkout1_buf]
set_property LOC BUFGCTRL_X0Y16 [get_cells u_ddr3_top/u_ip_mig_ddr3/u_ip_mig_ddr3_mig/u_ddr3_infrastructure/u_bufg_clkdiv0]
set_property LOC BUFGCTRL_X0Y6 [get_cells ip_clk_wiz_lcos_sftcck/inst/clkf_buf]
set_property LOC BUFGCTRL_X0Y0 [get_cells ip_clk_wiz_lcos_sftcck/inst/clkout2_buf]
set_property LOC BUFGCTRL_X0Y1 [get_cells ip_clk_wiz_lcos_sftcck/inst/clkout1_buf]
set_property LOC BUFGCTRL_X0Y22 [get_cells ip_clk_wiz_lcos_pclk/inst/clkf_buf]
set_property LOC BUFGCTRL_X0Y18 [get_cells ip_clk_wiz_lcos_pclk/inst/clkout4_buf]
set_property LOC BUFGCTRL_X0Y19 [get_cells ip_clk_wiz_lcos_pclk/inst/clkout3_buf]
set_property LOC BUFGCTRL_X0Y17 [get_cells ip_clk_wiz_lcos_pclk/inst/clkout2_buf]
set_property LOC BUFGCTRL_X0Y20 [get_cells ip_clk_wiz_lcos_pclk/inst/clkout1_buf]
set_property LOC BUFGCTRL_X0Y5 [get_cells ip_clk_wiz_ddr3_clk/inst/clkf_buf]
set_property LOC BUFGCTRL_X0Y2 [get_cells ip_clk_wiz_ddr3_clk/inst/clkout2_buf]
set_property LOC BUFGCTRL_X0Y3 [get_cells ip_clk_wiz_ddr3_clk/inst/clkout1_buf]

# Location of BUFH Primitives 
set_property LOC BUFHCE_X1Y24 [get_cells u_ddr3_top/u_ip_mig_ddr3/u_ip_mig_ddr3_mig/u_ddr3_infrastructure/u_bufh_pll_clk3]

# Location of IO Primitives which is load of clock spine

# Location of clock ports
set_property LOC IOB_X0Y76 [get_ports pin_i_clk_100m]
set_property LOC IOB_X0Y174 [get_ports pin_i_clk_20m]
set_property LOC IOB_X0Y26 [get_ports pin_i_clk_78m]
set_property LOC IOB_X0Y126 [get_ports pin_i_fmc_clk]

# Clock net "u_sys_top_with_ddr3/ip_clk_wiz_power_loader/inst/clk_out1" driven by instance "u_sys_top_with_ddr3/ip_clk_wiz_power_loader/inst/clkout1_buf" located at site "BUFGCTRL_X0Y4"
#startgroup
create_pblock {CLKAG_u_sys_top_with_ddr3/ip_clk_wiz_power_loader/inst/clk_out1}
add_cells_to_pblock [get_pblocks  {CLKAG_u_sys_top_with_ddr3/ip_clk_wiz_power_loader/inst/clk_out1}] [get_cells -filter { PRIMITIVE_GROUP != I/O && IS_PRIMITIVE==1 && PRIMITIVE_LEVEL !=INTERNAL } -of_object [get_pins -filter {DIRECTION==IN} -of_objects [get_nets -hierarchical -filter {PARENT=="u_sys_top_with_ddr3/ip_clk_wiz_power_loader/inst/clk_out1"}]]]
resize_pblock [get_pblocks {CLKAG_u_sys_top_with_ddr3/ip_clk_wiz_power_loader/inst/clk_out1}] -add {CLOCKREGION_X0Y2:CLOCKREGION_X0Y2 CLOCKREGION_X0Y3:CLOCKREGION_X0Y3 CLOCKREGION_X1Y2:CLOCKREGION_X1Y2 CLOCKREGION_X1Y3:CLOCKREGION_X1Y3}
#endgroup

# Clock net "u_phy_fmc/ip_clk_wiz_fmc_clk/inst/clk_out1" driven by instance "u_phy_fmc/ip_clk_wiz_fmc_clk/inst/clkout1_buf" located at site "BUFGCTRL_X0Y21"
#startgroup
create_pblock {CLKAG_u_phy_fmc/ip_clk_wiz_fmc_clk/inst/clk_out1}
add_cells_to_pblock [get_pblocks  {CLKAG_u_phy_fmc/ip_clk_wiz_fmc_clk/inst/clk_out1}] [get_cells -filter { PRIMITIVE_GROUP != I/O && IS_PRIMITIVE==1 && PRIMITIVE_LEVEL !=INTERNAL } -of_object [get_pins -filter {DIRECTION==IN} -of_objects [get_nets -hierarchical -filter {PARENT=="u_phy_fmc/ip_clk_wiz_fmc_clk/inst/clk_out1"}]]]
resize_pblock [get_pblocks {CLKAG_u_phy_fmc/ip_clk_wiz_fmc_clk/inst/clk_out1}] -add {CLOCKREGION_X0Y1:CLOCKREGION_X0Y1 CLOCKREGION_X0Y2:CLOCKREGION_X0Y2 CLOCKREGION_X1Y1:CLOCKREGION_X1Y1}
#endgroup

# Clock net "u_ddr3_top/u_ip_mig_ddr3/u_ip_mig_ddr3_mig/u_ddr3_infrastructure/CLK" driven by instance "u_ddr3_top/u_ip_mig_ddr3/u_ip_mig_ddr3_mig/u_ddr3_infrastructure/u_bufg_clkdiv0" located at site "BUFGCTRL_X0Y16"
#startgroup
create_pblock {CLKAG_u_ddr3_top/u_ip_mig_ddr3/u_ip_mig_ddr3_mig/u_ddr3_infrastructure/CLK}
add_cells_to_pblock [get_pblocks  {CLKAG_u_ddr3_top/u_ip_mig_ddr3/u_ip_mig_ddr3_mig/u_ddr3_infrastructure/CLK}] [get_cells -filter { PRIMITIVE_GROUP != I/O && IS_PRIMITIVE==1 && PRIMITIVE_LEVEL !=INTERNAL && NAME!=u_ddr3_top/u_ip_mig_ddr3/u_ip_mig_ddr3_mig/u_ddr3_infrastructure/gen_mmcm.mmcm_i} -of_object [get_pins -filter {DIRECTION==IN} -of_objects [get_nets -hierarchical -filter {PARENT=="u_ddr3_top/u_ip_mig_ddr3/u_ip_mig_ddr3_mig/u_ddr3_infrastructure/CLK"}]]]
resize_pblock [get_pblocks {CLKAG_u_ddr3_top/u_ip_mig_ddr3/u_ip_mig_ddr3_mig/u_ddr3_infrastructure/CLK}] -add {CLOCKREGION_X0Y2:CLOCKREGION_X0Y2 CLOCKREGION_X1Y1:CLOCKREGION_X1Y1 CLOCKREGION_X1Y2:CLOCKREGION_X1Y2 CLOCKREGION_X1Y3:CLOCKREGION_X1Y3}
#endgroup

# Clock net "ip_clk_wiz_lcos_sftcck/inst/clk_out2" driven by instance "ip_clk_wiz_lcos_sftcck/inst/clkout2_buf" located at site "BUFGCTRL_X0Y0"
#startgroup
create_pblock {CLKAG_ip_clk_wiz_lcos_sftcck/inst/clk_out2}
add_cells_to_pblock [get_pblocks  {CLKAG_ip_clk_wiz_lcos_sftcck/inst/clk_out2}] [get_cells -filter { PRIMITIVE_GROUP != I/O && IS_PRIMITIVE==1 && PRIMITIVE_LEVEL !=INTERNAL } -of_object [get_pins -filter {DIRECTION==IN} -of_objects [get_nets -hierarchical -filter {PARENT=="ip_clk_wiz_lcos_sftcck/inst/clk_out2"}]]]
resize_pblock [get_pblocks {CLKAG_ip_clk_wiz_lcos_sftcck/inst/clk_out2}] -add {CLOCKREGION_X0Y0:CLOCKREGION_X0Y0 CLOCKREGION_X0Y1:CLOCKREGION_X0Y1 CLOCKREGION_X1Y1:CLOCKREGION_X1Y1}
#endgroup

# Clock net "ip_clk_wiz_lcos_sftcck/inst/clk_out1" driven by instance "ip_clk_wiz_lcos_sftcck/inst/clkout1_buf" located at site "BUFGCTRL_X0Y1"
#startgroup
create_pblock {CLKAG_ip_clk_wiz_lcos_sftcck/inst/clk_out1}
add_cells_to_pblock [get_pblocks  {CLKAG_ip_clk_wiz_lcos_sftcck/inst/clk_out1}] [get_cells -filter { PRIMITIVE_GROUP != I/O && IS_PRIMITIVE==1 && PRIMITIVE_LEVEL !=INTERNAL } -of_object [get_pins -filter {DIRECTION==IN} -of_objects [get_nets -hierarchical -filter {PARENT=="ip_clk_wiz_lcos_sftcck/inst/clk_out1"}]]]
resize_pblock [get_pblocks {CLKAG_ip_clk_wiz_lcos_sftcck/inst/clk_out1}] -add {CLOCKREGION_X0Y0:CLOCKREGION_X0Y0 CLOCKREGION_X0Y1:CLOCKREGION_X0Y1 CLOCKREGION_X1Y1:CLOCKREGION_X1Y1}
#endgroup

# Clock net "ip_clk_wiz_lcos_pclk/inst/clk_out4" driven by instance "ip_clk_wiz_lcos_pclk/inst/clkout4_buf" located at site "BUFGCTRL_X0Y18"
#startgroup
create_pblock {CLKAG_ip_clk_wiz_lcos_pclk/inst/clk_out4}
add_cells_to_pblock [get_pblocks  {CLKAG_ip_clk_wiz_lcos_pclk/inst/clk_out4}] [get_cells -filter { PRIMITIVE_GROUP != I/O && IS_PRIMITIVE==1 && PRIMITIVE_LEVEL !=INTERNAL } -of_object [get_pins -filter {DIRECTION==IN} -of_objects [get_nets -hierarchical -filter {PARENT=="ip_clk_wiz_lcos_pclk/inst/clk_out4"}]]]
resize_pblock [get_pblocks {CLKAG_ip_clk_wiz_lcos_pclk/inst/clk_out4}] -add {CLOCKREGION_X0Y0:CLOCKREGION_X0Y0}
#endgroup

# Clock net "ip_clk_wiz_lcos_pclk/inst/clk_out3" driven by instance "ip_clk_wiz_lcos_pclk/inst/clkout3_buf" located at site "BUFGCTRL_X0Y19"
#startgroup
create_pblock {CLKAG_ip_clk_wiz_lcos_pclk/inst/clk_out3}
add_cells_to_pblock [get_pblocks  {CLKAG_ip_clk_wiz_lcos_pclk/inst/clk_out3}] [get_cells -filter { PRIMITIVE_GROUP != I/O && IS_PRIMITIVE==1 && PRIMITIVE_LEVEL !=INTERNAL } -of_object [get_pins -filter {DIRECTION==IN} -of_objects [get_nets -hierarchical -filter {PARENT=="ip_clk_wiz_lcos_pclk/inst/clk_out3"}]]]
resize_pblock [get_pblocks {CLKAG_ip_clk_wiz_lcos_pclk/inst/clk_out3}] -add {CLOCKREGION_X0Y0:CLOCKREGION_X0Y0 CLOCKREGION_X0Y1:CLOCKREGION_X0Y1 CLOCKREGION_X0Y2:CLOCKREGION_X0Y2 CLOCKREGION_X0Y3:CLOCKREGION_X0Y3 CLOCKREGION_X1Y0:CLOCKREGION_X1Y0 CLOCKREGION_X1Y1:CLOCKREGION_X1Y1 CLOCKREGION_X1Y2:CLOCKREGION_X1Y2 CLOCKREGION_X1Y3:CLOCKREGION_X1Y3}
#endgroup

# Clock net "ip_clk_wiz_lcos_pclk/inst/clk_out2" driven by instance "ip_clk_wiz_lcos_pclk/inst/clkout2_buf" located at site "BUFGCTRL_X0Y17"
#startgroup
create_pblock {CLKAG_ip_clk_wiz_lcos_pclk/inst/clk_out2}
add_cells_to_pblock [get_pblocks  {CLKAG_ip_clk_wiz_lcos_pclk/inst/clk_out2}] [get_cells -filter { PRIMITIVE_GROUP != I/O && IS_PRIMITIVE==1 && PRIMITIVE_LEVEL !=INTERNAL } -of_object [get_pins -filter {DIRECTION==IN} -of_objects [get_nets -hierarchical -filter {PARENT=="ip_clk_wiz_lcos_pclk/inst/clk_out2"}]]]
resize_pblock [get_pblocks {CLKAG_ip_clk_wiz_lcos_pclk/inst/clk_out2}] -add {CLOCKREGION_X0Y0:CLOCKREGION_X0Y0 CLOCKREGION_X0Y1:CLOCKREGION_X0Y1 CLOCKREGION_X1Y1:CLOCKREGION_X1Y1}
#endgroup

# Clock net "ip_clk_wiz_lcos_pclk/inst/clk_out1" driven by instance "ip_clk_wiz_lcos_pclk/inst/clkout1_buf" located at site "BUFGCTRL_X0Y20"
#startgroup
create_pblock {CLKAG_ip_clk_wiz_lcos_pclk/inst/clk_out1}
add_cells_to_pblock [get_pblocks  {CLKAG_ip_clk_wiz_lcos_pclk/inst/clk_out1}] [get_cells -filter { PRIMITIVE_GROUP != I/O && IS_PRIMITIVE==1 && PRIMITIVE_LEVEL !=INTERNAL } -of_object [get_pins -filter {DIRECTION==IN} -of_objects [get_nets -hierarchical -filter {PARENT=="ip_clk_wiz_lcos_pclk/inst/clk_out1"}]]]
resize_pblock [get_pblocks {CLKAG_ip_clk_wiz_lcos_pclk/inst/clk_out1}] -add {CLOCKREGION_X0Y1:CLOCKREGION_X0Y1 CLOCKREGION_X0Y2:CLOCKREGION_X0Y2 CLOCKREGION_X0Y3:CLOCKREGION_X0Y3 CLOCKREGION_X1Y1:CLOCKREGION_X1Y1 CLOCKREGION_X1Y2:CLOCKREGION_X1Y2}
#endgroup

# Clock net "ip_clk_wiz_ddr3_clk/inst/clk_out2" driven by instance "ip_clk_wiz_ddr3_clk/inst/clkout2_buf" located at site "BUFGCTRL_X0Y2"
#startgroup
create_pblock {CLKAG_ip_clk_wiz_ddr3_clk/inst/clk_out2}
add_cells_to_pblock [get_pblocks  {CLKAG_ip_clk_wiz_ddr3_clk/inst/clk_out2}] [get_cells -filter { PRIMITIVE_GROUP != I/O && IS_PRIMITIVE==1 && PRIMITIVE_LEVEL !=INTERNAL } -of_object [get_pins -filter {DIRECTION==IN} -of_objects [get_nets -hierarchical -filter {PARENT=="ip_clk_wiz_ddr3_clk/inst/clk_out2"}]]]
resize_pblock [get_pblocks {CLKAG_ip_clk_wiz_ddr3_clk/inst/clk_out2}] -add {CLOCKREGION_X0Y2:CLOCKREGION_X0Y2 CLOCKREGION_X1Y1:CLOCKREGION_X1Y1 CLOCKREGION_X1Y2:CLOCKREGION_X1Y2}
#endgroup
