Copyright 1986-2019 Xilinx, Inc. All Rights Reserved.
------------------------------------------------------------------------------------------------------------------------------------------------------------------------------------------------------------------------------------------------------------------------
| Tool Version : Vivado v.2019.2 (lin64) Build 2708876 Wed Nov  6 21:39:14 MST 2019
| Date         : Thu Feb 26 11:44:36 2026
| Host         : lc-kjlee-pc running 64-bit Ubuntu 24.04.3 LTS
| Command      : report_timing -delay_type min -path_type full_clock -max_paths 10 -slack_lesser_than 0.1 -name hold_critical -file /home/lc-kjlee-pc/works/fpga/20260202_MLC60_FPGA_100_630A_DDR/MLC_FPGA.reports/post_route_revA_20260226_113801/01/Hold_Critical.rpt
| Design       : top_with_ddr3
| Device       : 7a100t-fgg676
| Speed File   : -2  PRODUCTION 1.23 2018-06-13
------------------------------------------------------------------------------------------------------------------------------------------------------------------------------------------------------------------------------------------------------------------------

Timing Report

Slack (MET) :             0.010ns  (arrival time - required time)
  Source:                 u_sys_top_with_ddr3/u_sys_reg_top/u_fmc_bridge_sys_reg/ip_fifo_indep_48x16_wr_fifo_waddr_wdata/U0/inst_fifo_gen/gconvfifo.rf/grf.rf/gntv_or_sync_fifo.gl0.rd/rpntr/gc0.count_d1_reg[0]/C
                            (rising edge-triggered cell FDCE clocked by clk_out1_ip_clk_wiz_lcos_pclk  {rise@0.000ns fall@6.410ns period=12.821ns})
  Destination:            u_sys_top_with_ddr3/u_sys_reg_top/u_fmc_bridge_sys_reg/ip_fifo_indep_48x16_wr_fifo_waddr_wdata/U0/inst_fifo_gen/gconvfifo.rf/grf.rf/gntv_or_sync_fifo.gcx.clkx/rd_pntr_cdc_inst/src_gray_ff_reg[0]/D
                            (rising edge-triggered cell FDRE clocked by clk_out1_ip_clk_wiz_lcos_pclk  {rise@0.000ns fall@6.410ns period=12.821ns})
  Path Group:             clk_out1_ip_clk_wiz_lcos_pclk
  Path Type:              Hold (Min at Fast Process Corner)
  Requirement:            0.000ns  (clk_out1_ip_clk_wiz_lcos_pclk rise@0.000ns - clk_out1_ip_clk_wiz_lcos_pclk rise@0.000ns)
  Data Path Delay:        0.377ns  (logic 0.186ns (49.322%)  route 0.191ns (50.678%))
  Logic Levels:           1  (LUT2=1)
  Clock Path Skew:        0.276ns (DCD - SCD - CPR)
    Destination Clock Delay (DCD):    -0.813ns
    Source Clock Delay      (SCD):    -0.579ns
    Clock Pessimism Removal (CPR):    -0.509ns

    Location             Delay type                Incr(ns)  Path(ns)    Netlist Resource(s)
  -------------------------------------------------------------------    -------------------
                         (clock clk_out1_ip_clk_wiz_lcos_pclk rise edge)
                                                      0.000     0.000 r  
                         clock source latency        -1.831    -1.831    
    MMCME2_ADV_X0Y3      MMCME2_ADV                   0.000    -1.831 r  ip_clk_wiz_lcos_pclk/inst/mmcm_adv_inst/CLKOUT0
                         net (fo=1, routed)           0.662    -1.168    ip_clk_wiz_lcos_pclk/inst/clk_out1_ip_clk_wiz_lcos_pclk
    BUFGCTRL_X0Y20       BUFG (Prop_bufg_I_O)         0.026    -1.142 r  ip_clk_wiz_lcos_pclk/inst/clkout1_buf/O
                         net (fo=8204, routed)        0.563    -0.579    u_sys_top_with_ddr3/u_sys_reg_top/u_fmc_bridge_sys_reg/ip_fifo_indep_48x16_wr_fifo_waddr_wdata/U0/inst_fifo_gen/gconvfifo.rf/grf.rf/gntv_or_sync_fifo.gl0.rd/rpntr/rd_clk
    SLICE_X43Y100        FDCE                                         r  u_sys_top_with_ddr3/u_sys_reg_top/u_fmc_bridge_sys_reg/ip_fifo_indep_48x16_wr_fifo_waddr_wdata/U0/inst_fifo_gen/gconvfifo.rf/grf.rf/gntv_or_sync_fifo.gl0.rd/rpntr/gc0.count_d1_reg[0]/C
  -------------------------------------------------------------------    -------------------
    SLICE_X43Y100        FDCE (Prop_fdce_C_Q)         0.141    -0.438 r  u_sys_top_with_ddr3/u_sys_reg_top/u_fmc_bridge_sys_reg/ip_fifo_indep_48x16_wr_fifo_waddr_wdata/U0/inst_fifo_gen/gconvfifo.rf/grf.rf/gntv_or_sync_fifo.gl0.rd/rpntr/gc0.count_d1_reg[0]/Q
                         net (fo=50, routed)          0.191    -0.247    u_sys_top_with_ddr3/u_sys_reg_top/u_fmc_bridge_sys_reg/ip_fifo_indep_48x16_wr_fifo_waddr_wdata/U0/inst_fifo_gen/gconvfifo.rf/grf.rf/gntv_or_sync_fifo.gcx.clkx/rd_pntr_cdc_inst/src_in_bin[0]
    SLICE_X43Y99         LUT2 (Prop_lut2_I1_O)        0.045    -0.202 r  u_sys_top_with_ddr3/u_sys_reg_top/u_fmc_bridge_sys_reg/ip_fifo_indep_48x16_wr_fifo_waddr_wdata/U0/inst_fifo_gen/gconvfifo.rf/grf.rf/gntv_or_sync_fifo.gcx.clkx/rd_pntr_cdc_inst/src_gray_ff[0]_i_1/O
                         net (fo=1, routed)           0.000    -0.202    u_sys_top_with_ddr3/u_sys_reg_top/u_fmc_bridge_sys_reg/ip_fifo_indep_48x16_wr_fifo_waddr_wdata/U0/inst_fifo_gen/gconvfifo.rf/grf.rf/gntv_or_sync_fifo.gcx.clkx/rd_pntr_cdc_inst/gray_enc[0]
    SLICE_X43Y99         FDRE                                         r  u_sys_top_with_ddr3/u_sys_reg_top/u_fmc_bridge_sys_reg/ip_fifo_indep_48x16_wr_fifo_waddr_wdata/U0/inst_fifo_gen/gconvfifo.rf/grf.rf/gntv_or_sync_fifo.gcx.clkx/rd_pntr_cdc_inst/src_gray_ff_reg[0]/D
  -------------------------------------------------------------------    -------------------

                         (clock clk_out1_ip_clk_wiz_lcos_pclk rise edge)
                                                      0.000     0.000 r  
                         clock source latency        -2.396    -2.396    
    MMCME2_ADV_X0Y3      MMCME2_ADV                   0.000    -2.396 r  ip_clk_wiz_lcos_pclk/inst/mmcm_adv_inst/CLKOUT0
                         net (fo=1, routed)           0.716    -1.680    ip_clk_wiz_lcos_pclk/inst/clk_out1_ip_clk_wiz_lcos_pclk
    BUFGCTRL_X0Y20       BUFG (Prop_bufg_I_O)         0.029    -1.651 r  ip_clk_wiz_lcos_pclk/inst/clkout1_buf/O
                         net (fo=8204, routed)        0.839    -0.813    u_sys_top_with_ddr3/u_sys_reg_top/u_fmc_bridge_sys_reg/ip_fifo_indep_48x16_wr_fifo_waddr_wdata/U0/inst_fifo_gen/gconvfifo.rf/grf.rf/gntv_or_sync_fifo.gcx.clkx/rd_pntr_cdc_inst/src_clk
    SLICE_X43Y99         FDRE                                         r  u_sys_top_with_ddr3/u_sys_reg_top/u_fmc_bridge_sys_reg/ip_fifo_indep_48x16_wr_fifo_waddr_wdata/U0/inst_fifo_gen/gconvfifo.rf/grf.rf/gntv_or_sync_fifo.gcx.clkx/rd_pntr_cdc_inst/src_gray_ff_reg[0]/C
                         clock pessimism              0.509    -0.304    
    SLICE_X43Y99         FDRE (Hold_fdre_C_D)         0.091    -0.213    u_sys_top_with_ddr3/u_sys_reg_top/u_fmc_bridge_sys_reg/ip_fifo_indep_48x16_wr_fifo_waddr_wdata/U0/inst_fifo_gen/gconvfifo.rf/grf.rf/gntv_or_sync_fifo.gcx.clkx/rd_pntr_cdc_inst/src_gray_ff_reg[0]
  -------------------------------------------------------------------
                         required time                          0.213    
                         arrival time                          -0.202    
  -------------------------------------------------------------------
                         slack                                  0.010    

Slack (MET) :             0.014ns  (arrival time - required time)
  Source:                 u_lcos_top/u_lcos_pg_top/u_lcos_pg_ram/u_fmc_bridge_lcos_ram/r_sys_wr_port_data_reg[7]/C
                            (rising edge-triggered cell FDRE clocked by clk_out3_ip_clk_wiz_lcos_pclk  {rise@0.000ns fall@3.205ns period=6.410ns})
  Destination:            u_lcos_top/u_lcos_pg_top/u_lcos_pg_ram/ip_fmc_test_ram/U0/inst_blk_mem_gen/gnbram.gnativebmg.native_blk_mem_gen/valid.cstr/ramloop[0].ram.r/prim_noinit.ram/DEVICE_7SERIES.NO_BMM_INFO.SDP.WIDE_PRIM18.ram/DIADI[7]
                            (rising edge-triggered cell RAMB18E1 clocked by clk_out3_ip_clk_wiz_lcos_pclk  {rise@0.000ns fall@3.205ns period=6.410ns})
  Path Group:             clk_out3_ip_clk_wiz_lcos_pclk
  Path Type:              Hold (Min at Fast Process Corner)
  Requirement:            0.000ns  (clk_out3_ip_clk_wiz_lcos_pclk rise@0.000ns - clk_out3_ip_clk_wiz_lcos_pclk rise@0.000ns)
  Data Path Delay:        0.313ns  (logic 0.148ns (47.273%)  route 0.165ns (52.727%))
  Logic Levels:           0  
  Clock Path Skew:        0.056ns (DCD - SCD - CPR)
    Destination Clock Delay (DCD):    -0.772ns
    Source Clock Delay      (SCD):    -0.573ns
    Clock Pessimism Removal (CPR):    -0.254ns

    Location             Delay type                Incr(ns)  Path(ns)    Netlist Resource(s)
  -------------------------------------------------------------------    -------------------
                         (clock clk_out3_ip_clk_wiz_lcos_pclk rise edge)
                                                      0.000     0.000 r  
                         clock source latency        -1.831    -1.831    
    MMCME2_ADV_X0Y3      MMCME2_ADV                   0.000    -1.831 r  ip_clk_wiz_lcos_pclk/inst/mmcm_adv_inst/CLKOUT2
                         net (fo=1, routed)           0.662    -1.168    ip_clk_wiz_lcos_pclk/inst/clk_out3_ip_clk_wiz_lcos_pclk
    BUFGCTRL_X0Y19       BUFG (Prop_bufg_I_O)         0.026    -1.142 r  ip_clk_wiz_lcos_pclk/inst/clkout3_buf/O
                         net (fo=10007, routed)       0.569    -0.573    u_lcos_top/u_lcos_pg_top/u_lcos_pg_ram/u_fmc_bridge_lcos_ram/clk_out3
    SLICE_X8Y104         FDRE                                         r  u_lcos_top/u_lcos_pg_top/u_lcos_pg_ram/u_fmc_bridge_lcos_ram/r_sys_wr_port_data_reg[7]/C
  -------------------------------------------------------------------    -------------------
    SLICE_X8Y104         FDRE (Prop_fdre_C_Q)         0.148    -0.425 r  u_lcos_top/u_lcos_pg_top/u_lcos_pg_ram/u_fmc_bridge_lcos_ram/r_sys_wr_port_data_reg[7]/Q
                         net (fo=1, routed)           0.165    -0.260    u_lcos_top/u_lcos_pg_top/u_lcos_pg_ram/ip_fmc_test_ram/U0/inst_blk_mem_gen/gnbram.gnativebmg.native_blk_mem_gen/valid.cstr/ramloop[0].ram.r/prim_noinit.ram/dina[7]
    RAMB18_X0Y41         RAMB18E1                                     r  u_lcos_top/u_lcos_pg_top/u_lcos_pg_ram/ip_fmc_test_ram/U0/inst_blk_mem_gen/gnbram.gnativebmg.native_blk_mem_gen/valid.cstr/ramloop[0].ram.r/prim_noinit.ram/DEVICE_7SERIES.NO_BMM_INFO.SDP.WIDE_PRIM18.ram/DIADI[7]
  -------------------------------------------------------------------    -------------------

                         (clock clk_out3_ip_clk_wiz_lcos_pclk rise edge)
                                                      0.000     0.000 r  
                         clock source latency        -2.396    -2.396    
    MMCME2_ADV_X0Y3      MMCME2_ADV                   0.000    -2.396 r  ip_clk_wiz_lcos_pclk/inst/mmcm_adv_inst/CLKOUT2
                         net (fo=1, routed)           0.716    -1.680    ip_clk_wiz_lcos_pclk/inst/clk_out3_ip_clk_wiz_lcos_pclk
    BUFGCTRL_X0Y19       BUFG (Prop_bufg_I_O)         0.029    -1.651 r  ip_clk_wiz_lcos_pclk/inst/clkout3_buf/O
                         net (fo=10007, routed)       0.879    -0.772    u_lcos_top/u_lcos_pg_top/u_lcos_pg_ram/ip_fmc_test_ram/U0/inst_blk_mem_gen/gnbram.gnativebmg.native_blk_mem_gen/valid.cstr/ramloop[0].ram.r/prim_noinit.ram/clka
    RAMB18_X0Y41         RAMB18E1                                     r  u_lcos_top/u_lcos_pg_top/u_lcos_pg_ram/ip_fmc_test_ram/U0/inst_blk_mem_gen/gnbram.gnativebmg.native_blk_mem_gen/valid.cstr/ramloop[0].ram.r/prim_noinit.ram/DEVICE_7SERIES.NO_BMM_INFO.SDP.WIDE_PRIM18.ram/CLKBWRCLK
                         clock pessimism              0.254    -0.518    
    RAMB18_X0Y41         RAMB18E1 (Hold_ramb18e1_CLKBWRCLK_DIADI[7])
                                                      0.243    -0.275    u_lcos_top/u_lcos_pg_top/u_lcos_pg_ram/ip_fmc_test_ram/U0/inst_blk_mem_gen/gnbram.gnativebmg.native_blk_mem_gen/valid.cstr/ramloop[0].ram.r/prim_noinit.ram/DEVICE_7SERIES.NO_BMM_INFO.SDP.WIDE_PRIM18.ram
  -------------------------------------------------------------------
                         required time                          0.275    
                         arrival time                          -0.260    
  -------------------------------------------------------------------
                         slack                                  0.014    

Slack (MET) :             0.028ns  (arrival time - required time)
  Source:                 u_sys_top_with_ddr3/u_sys_reg_top/u_fmc_bridge_sys_reg/ip_fifo_indep_48x16_wr_fifo_waddr_wdata/U0/inst_fifo_gen/gconvfifo.rf/grf.rf/gntv_or_sync_fifo.gcx.clkx/rd_pntr_cdc_inst/dest_graysync_ff_reg[1][0]/C
                            (rising edge-triggered cell FDRE clocked by clk_out1_ip_clk_wiz_fmc_clk  {rise@0.000ns fall@5.787ns period=11.574ns})
  Destination:            u_sys_top_with_ddr3/u_sys_reg_top/u_fmc_bridge_sys_reg/ip_fifo_indep_48x16_wr_fifo_waddr_wdata/U0/inst_fifo_gen/gconvfifo.rf/grf.rf/gntv_or_sync_fifo.gcx.clkx/rd_pntr_cdc_inst/dest_out_bin_ff_reg[0]/D
                            (rising edge-triggered cell FDRE clocked by clk_out1_ip_clk_wiz_fmc_clk  {rise@0.000ns fall@5.787ns period=11.574ns})
  Path Group:             clk_out1_ip_clk_wiz_fmc_clk
  Path Type:              Hold (Min at Fast Process Corner)
  Requirement:            0.000ns  (clk_out1_ip_clk_wiz_fmc_clk rise@0.000ns - clk_out1_ip_clk_wiz_fmc_clk rise@0.000ns)
  Data Path Delay:        0.384ns  (logic 0.226ns (58.881%)  route 0.158ns (41.119%))
  Logic Levels:           1  (LUT4=1)
  Clock Path Skew:        0.264ns (DCD - SCD - CPR)
    Destination Clock Delay (DCD):    -0.830ns
    Source Clock Delay      (SCD):    -0.584ns
    Clock Pessimism Removal (CPR):    -0.510ns

    Location             Delay type                Incr(ns)  Path(ns)    Netlist Resource(s)
  -------------------------------------------------------------------    -------------------
                         (clock clk_out1_ip_clk_wiz_fmc_clk rise edge)
                                                      0.000     0.000 r  
                         clock source latency        -1.674    -1.674    
    MMCME2_ADV_X0Y2      MMCME2_ADV                   0.000    -1.674 r  u_phy_fmc/ip_clk_wiz_fmc_clk/inst/mmcm_adv_inst/CLKOUT0
                         net (fo=1, routed)           0.495    -1.179    u_phy_fmc/ip_clk_wiz_fmc_clk/inst/clk_out1_ip_clk_wiz_fmc_clk
    BUFGCTRL_X0Y21       BUFG (Prop_bufg_I_O)         0.026    -1.153 r  u_phy_fmc/ip_clk_wiz_fmc_clk/inst/clkout1_buf/O
                         net (fo=2258, routed)        0.569    -0.584    u_sys_top_with_ddr3/u_sys_reg_top/u_fmc_bridge_sys_reg/ip_fifo_indep_48x16_wr_fifo_waddr_wdata/U0/inst_fifo_gen/gconvfifo.rf/grf.rf/gntv_or_sync_fifo.gcx.clkx/rd_pntr_cdc_inst/dest_clk
    SLICE_X44Y99         FDRE                                         r  u_sys_top_with_ddr3/u_sys_reg_top/u_fmc_bridge_sys_reg/ip_fifo_indep_48x16_wr_fifo_waddr_wdata/U0/inst_fifo_gen/gconvfifo.rf/grf.rf/gntv_or_sync_fifo.gcx.clkx/rd_pntr_cdc_inst/dest_graysync_ff_reg[1][0]/C
  -------------------------------------------------------------------    -------------------
    SLICE_X44Y99         FDRE (Prop_fdre_C_Q)         0.128    -0.456 r  u_sys_top_with_ddr3/u_sys_reg_top/u_fmc_bridge_sys_reg/ip_fifo_indep_48x16_wr_fifo_waddr_wdata/U0/inst_fifo_gen/gconvfifo.rf/grf.rf/gntv_or_sync_fifo.gcx.clkx/rd_pntr_cdc_inst/dest_graysync_ff_reg[1][0]/Q
                         net (fo=1, routed)           0.158    -0.299    u_sys_top_with_ddr3/u_sys_reg_top/u_fmc_bridge_sys_reg/ip_fifo_indep_48x16_wr_fifo_waddr_wdata/U0/inst_fifo_gen/gconvfifo.rf/grf.rf/gntv_or_sync_fifo.gcx.clkx/rd_pntr_cdc_inst/dest_graysync_ff[1][0]
    SLICE_X44Y100        LUT4 (Prop_lut4_I0_O)        0.098    -0.201 r  u_sys_top_with_ddr3/u_sys_reg_top/u_fmc_bridge_sys_reg/ip_fifo_indep_48x16_wr_fifo_waddr_wdata/U0/inst_fifo_gen/gconvfifo.rf/grf.rf/gntv_or_sync_fifo.gcx.clkx/rd_pntr_cdc_inst/dest_out_bin_ff[0]_i_1/O
                         net (fo=1, routed)           0.000    -0.201    u_sys_top_with_ddr3/u_sys_reg_top/u_fmc_bridge_sys_reg/ip_fifo_indep_48x16_wr_fifo_waddr_wdata/U0/inst_fifo_gen/gconvfifo.rf/grf.rf/gntv_or_sync_fifo.gcx.clkx/rd_pntr_cdc_inst/binval[0]
    SLICE_X44Y100        FDRE                                         r  u_sys_top_with_ddr3/u_sys_reg_top/u_fmc_bridge_sys_reg/ip_fifo_indep_48x16_wr_fifo_waddr_wdata/U0/inst_fifo_gen/gconvfifo.rf/grf.rf/gntv_or_sync_fifo.gcx.clkx/rd_pntr_cdc_inst/dest_out_bin_ff_reg[0]/D
  -------------------------------------------------------------------    -------------------

                         (clock clk_out1_ip_clk_wiz_fmc_clk rise edge)
                                                      0.000     0.000 r  
                         clock source latency        -2.232    -2.232    
    MMCME2_ADV_X0Y2      MMCME2_ADV                   0.000    -2.232 r  u_phy_fmc/ip_clk_wiz_fmc_clk/inst/mmcm_adv_inst/CLKOUT0
                         net (fo=1, routed)           0.540    -1.692    u_phy_fmc/ip_clk_wiz_fmc_clk/inst/clk_out1_ip_clk_wiz_fmc_clk
    BUFGCTRL_X0Y21       BUFG (Prop_bufg_I_O)         0.029    -1.663 r  u_phy_fmc/ip_clk_wiz_fmc_clk/inst/clkout1_buf/O
                         net (fo=2258, routed)        0.833    -0.830    u_sys_top_with_ddr3/u_sys_reg_top/u_fmc_bridge_sys_reg/ip_fifo_indep_48x16_wr_fifo_waddr_wdata/U0/inst_fifo_gen/gconvfifo.rf/grf.rf/gntv_or_sync_fifo.gcx.clkx/rd_pntr_cdc_inst/dest_clk
    SLICE_X44Y100        FDRE                                         r  u_sys_top_with_ddr3/u_sys_reg_top/u_fmc_bridge_sys_reg/ip_fifo_indep_48x16_wr_fifo_waddr_wdata/U0/inst_fifo_gen/gconvfifo.rf/grf.rf/gntv_or_sync_fifo.gcx.clkx/rd_pntr_cdc_inst/dest_out_bin_ff_reg[0]/C
                         clock pessimism              0.510    -0.321    
    SLICE_X44Y100        FDRE (Hold_fdre_C_D)         0.092    -0.229    u_sys_top_with_ddr3/u_sys_reg_top/u_fmc_bridge_sys_reg/ip_fifo_indep_48x16_wr_fifo_waddr_wdata/U0/inst_fifo_gen/gconvfifo.rf/grf.rf/gntv_or_sync_fifo.gcx.clkx/rd_pntr_cdc_inst/dest_out_bin_ff_reg[0]
  -------------------------------------------------------------------
                         required time                          0.229    
                         arrival time                          -0.201    
  -------------------------------------------------------------------
                         slack                                  0.028    

Slack (MET) :             0.036ns  (arrival time - required time)
  Source:                 u_lcos_top/u_lcos_pg_top/u_lcos_pg_ram/u_fmc_bridge_lcos_ram/r_fmc_wr_latch_data_reg[12]/C
                            (rising edge-triggered cell FDRE clocked by clk_out1_ip_clk_wiz_fmc_clk  {rise@0.000ns fall@5.787ns period=11.574ns})
  Destination:            u_lcos_top/u_lcos_pg_top/u_lcos_pg_ram/u_fmc_bridge_lcos_ram/ip_fifo_indep_48x16_wr_fifo_waddr_wdata/U0/inst_fifo_gen/gconvfifo.rf/grf.rf/gntv_or_sync_fifo.mem/gdm.dm_gen.dm/RAM_reg_0_15_12_17/RAMA/I
                            (rising edge-triggered cell RAMD32 clocked by clk_out1_ip_clk_wiz_fmc_clk  {rise@0.000ns fall@5.787ns period=11.574ns})
  Path Group:             clk_out1_ip_clk_wiz_fmc_clk
  Path Type:              Hold (Min at Fast Process Corner)
  Requirement:            0.000ns  (clk_out1_ip_clk_wiz_fmc_clk rise@0.000ns - clk_out1_ip_clk_wiz_fmc_clk rise@0.000ns)
  Data Path Delay:        0.196ns  (logic 0.141ns (71.838%)  route 0.055ns (28.162%))
  Logic Levels:           0  
  Clock Path Skew:        0.013ns (DCD - SCD - CPR)
    Destination Clock Delay (DCD):    -0.788ns
    Source Clock Delay      (SCD):    -0.549ns
    Clock Pessimism Removal (CPR):    -0.252ns

    Location             Delay type                Incr(ns)  Path(ns)    Netlist Resource(s)
  -------------------------------------------------------------------    -------------------
                         (clock clk_out1_ip_clk_wiz_fmc_clk rise edge)
                                                      0.000     0.000 r  
                         clock source latency        -1.674    -1.674    
    MMCME2_ADV_X0Y2      MMCME2_ADV                   0.000    -1.674 r  u_phy_fmc/ip_clk_wiz_fmc_clk/inst/mmcm_adv_inst/CLKOUT0
                         net (fo=1, routed)           0.495    -1.179    u_phy_fmc/ip_clk_wiz_fmc_clk/inst/clk_out1_ip_clk_wiz_fmc_clk
    BUFGCTRL_X0Y21       BUFG (Prop_bufg_I_O)         0.026    -1.153 r  u_phy_fmc/ip_clk_wiz_fmc_clk/inst/clkout1_buf/O
                         net (fo=2258, routed)        0.604    -0.549    u_lcos_top/u_lcos_pg_top/u_lcos_pg_ram/u_fmc_bridge_lcos_ram/CLK
    SLICE_X7Y98          FDRE                                         r  u_lcos_top/u_lcos_pg_top/u_lcos_pg_ram/u_fmc_bridge_lcos_ram/r_fmc_wr_latch_data_reg[12]/C
  -------------------------------------------------------------------    -------------------
    SLICE_X7Y98          FDRE (Prop_fdre_C_Q)         0.141    -0.408 r  u_lcos_top/u_lcos_pg_top/u_lcos_pg_ram/u_fmc_bridge_lcos_ram/r_fmc_wr_latch_data_reg[12]/Q
                         net (fo=1, routed)           0.055    -0.353    u_lcos_top/u_lcos_pg_top/u_lcos_pg_ram/u_fmc_bridge_lcos_ram/ip_fifo_indep_48x16_wr_fifo_waddr_wdata/U0/inst_fifo_gen/gconvfifo.rf/grf.rf/gntv_or_sync_fifo.mem/gdm.dm_gen.dm/RAM_reg_0_15_12_17/DIA0
    SLICE_X6Y98          RAMD32                                       r  u_lcos_top/u_lcos_pg_top/u_lcos_pg_ram/u_fmc_bridge_lcos_ram/ip_fifo_indep_48x16_wr_fifo_waddr_wdata/U0/inst_fifo_gen/gconvfifo.rf/grf.rf/gntv_or_sync_fifo.mem/gdm.dm_gen.dm/RAM_reg_0_15_12_17/RAMA/I
  -------------------------------------------------------------------    -------------------

                         (clock clk_out1_ip_clk_wiz_fmc_clk rise edge)
                                                      0.000     0.000 r  
                         clock source latency        -2.232    -2.232    
    MMCME2_ADV_X0Y2      MMCME2_ADV                   0.000    -2.232 r  u_phy_fmc/ip_clk_wiz_fmc_clk/inst/mmcm_adv_inst/CLKOUT0
                         net (fo=1, routed)           0.540    -1.692    u_phy_fmc/ip_clk_wiz_fmc_clk/inst/clk_out1_ip_clk_wiz_fmc_clk
    BUFGCTRL_X0Y21       BUFG (Prop_bufg_I_O)         0.029    -1.663 r  u_phy_fmc/ip_clk_wiz_fmc_clk/inst/clkout1_buf/O
                         net (fo=2258, routed)        0.875    -0.788    u_lcos_top/u_lcos_pg_top/u_lcos_pg_ram/u_fmc_bridge_lcos_ram/ip_fifo_indep_48x16_wr_fifo_waddr_wdata/U0/inst_fifo_gen/gconvfifo.rf/grf.rf/gntv_or_sync_fifo.mem/gdm.dm_gen.dm/RAM_reg_0_15_12_17/WCLK
    SLICE_X6Y98          RAMD32                                       r  u_lcos_top/u_lcos_pg_top/u_lcos_pg_ram/u_fmc_bridge_lcos_ram/ip_fifo_indep_48x16_wr_fifo_waddr_wdata/U0/inst_fifo_gen/gconvfifo.rf/grf.rf/gntv_or_sync_fifo.mem/gdm.dm_gen.dm/RAM_reg_0_15_12_17/RAMA/CLK
                         clock pessimism              0.252    -0.536    
    SLICE_X6Y98          RAMD32 (Hold_ramd32_CLK_I)
                                                      0.147    -0.389    u_lcos_top/u_lcos_pg_top/u_lcos_pg_ram/u_fmc_bridge_lcos_ram/ip_fifo_indep_48x16_wr_fifo_waddr_wdata/U0/inst_fifo_gen/gconvfifo.rf/grf.rf/gntv_or_sync_fifo.mem/gdm.dm_gen.dm/RAM_reg_0_15_12_17/RAMA
  -------------------------------------------------------------------
                         required time                          0.389    
                         arrival time                          -0.353    
  -------------------------------------------------------------------
                         slack                                  0.036    

Slack (MET) :             0.036ns  (arrival time - required time)
  Source:                 u_lcos_top/u_lcos_pg_top/u_lcos_pg_ram/u_fmc_bridge_lcos_ram/r_fmc_wr_latch_data_reg[24]/C
                            (rising edge-triggered cell FDRE clocked by clk_out1_ip_clk_wiz_fmc_clk  {rise@0.000ns fall@5.787ns period=11.574ns})
  Destination:            u_lcos_top/u_lcos_pg_top/u_lcos_pg_ram/u_fmc_bridge_lcos_ram/ip_fifo_indep_48x16_wr_fifo_waddr_wdata/U0/inst_fifo_gen/gconvfifo.rf/grf.rf/gntv_or_sync_fifo.mem/gdm.dm_gen.dm/RAM_reg_0_15_24_29/RAMA/I
                            (rising edge-triggered cell RAMD32 clocked by clk_out1_ip_clk_wiz_fmc_clk  {rise@0.000ns fall@5.787ns period=11.574ns})
  Path Group:             clk_out1_ip_clk_wiz_fmc_clk
  Path Type:              Hold (Min at Fast Process Corner)
  Requirement:            0.000ns  (clk_out1_ip_clk_wiz_fmc_clk rise@0.000ns - clk_out1_ip_clk_wiz_fmc_clk rise@0.000ns)
  Data Path Delay:        0.196ns  (logic 0.141ns (71.838%)  route 0.055ns (28.162%))
  Logic Levels:           0  
  Clock Path Skew:        0.013ns (DCD - SCD - CPR)
    Destination Clock Delay (DCD):    -0.794ns
    Source Clock Delay      (SCD):    -0.555ns
    Clock Pessimism Removal (CPR):    -0.252ns

    Location             Delay type                Incr(ns)  Path(ns)    Netlist Resource(s)
  -------------------------------------------------------------------    -------------------
                         (clock clk_out1_ip_clk_wiz_fmc_clk rise edge)
                                                      0.000     0.000 r  
                         clock source latency        -1.674    -1.674    
    MMCME2_ADV_X0Y2      MMCME2_ADV                   0.000    -1.674 r  u_phy_fmc/ip_clk_wiz_fmc_clk/inst/mmcm_adv_inst/CLKOUT0
                         net (fo=1, routed)           0.495    -1.179    u_phy_fmc/ip_clk_wiz_fmc_clk/inst/clk_out1_ip_clk_wiz_fmc_clk
    BUFGCTRL_X0Y21       BUFG (Prop_bufg_I_O)         0.026    -1.153 r  u_phy_fmc/ip_clk_wiz_fmc_clk/inst/clkout1_buf/O
                         net (fo=2258, routed)        0.598    -0.555    u_lcos_top/u_lcos_pg_top/u_lcos_pg_ram/u_fmc_bridge_lcos_ram/CLK
    SLICE_X7Y100         FDRE                                         r  u_lcos_top/u_lcos_pg_top/u_lcos_pg_ram/u_fmc_bridge_lcos_ram/r_fmc_wr_latch_data_reg[24]/C
  -------------------------------------------------------------------    -------------------
    SLICE_X7Y100         FDRE (Prop_fdre_C_Q)         0.141    -0.414 r  u_lcos_top/u_lcos_pg_top/u_lcos_pg_ram/u_fmc_bridge_lcos_ram/r_fmc_wr_latch_data_reg[24]/Q
                         net (fo=1, routed)           0.055    -0.359    u_lcos_top/u_lcos_pg_top/u_lcos_pg_ram/u_fmc_bridge_lcos_ram/ip_fifo_indep_48x16_wr_fifo_waddr_wdata/U0/inst_fifo_gen/gconvfifo.rf/grf.rf/gntv_or_sync_fifo.mem/gdm.dm_gen.dm/RAM_reg_0_15_24_29/DIA0
    SLICE_X6Y100         RAMD32                                       r  u_lcos_top/u_lcos_pg_top/u_lcos_pg_ram/u_fmc_bridge_lcos_ram/ip_fifo_indep_48x16_wr_fifo_waddr_wdata/U0/inst_fifo_gen/gconvfifo.rf/grf.rf/gntv_or_sync_fifo.mem/gdm.dm_gen.dm/RAM_reg_0_15_24_29/RAMA/I
  -------------------------------------------------------------------    -------------------

                         (clock clk_out1_ip_clk_wiz_fmc_clk rise edge)
                                                      0.000     0.000 r  
                         clock source latency        -2.232    -2.232    
    MMCME2_ADV_X0Y2      MMCME2_ADV                   0.000    -2.232 r  u_phy_fmc/ip_clk_wiz_fmc_clk/inst/mmcm_adv_inst/CLKOUT0
                         net (fo=1, routed)           0.540    -1.692    u_phy_fmc/ip_clk_wiz_fmc_clk/inst/clk_out1_ip_clk_wiz_fmc_clk
    BUFGCTRL_X0Y21       BUFG (Prop_bufg_I_O)         0.029    -1.663 r  u_phy_fmc/ip_clk_wiz_fmc_clk/inst/clkout1_buf/O
                         net (fo=2258, routed)        0.868    -0.794    u_lcos_top/u_lcos_pg_top/u_lcos_pg_ram/u_fmc_bridge_lcos_ram/ip_fifo_indep_48x16_wr_fifo_waddr_wdata/U0/inst_fifo_gen/gconvfifo.rf/grf.rf/gntv_or_sync_fifo.mem/gdm.dm_gen.dm/RAM_reg_0_15_24_29/WCLK
    SLICE_X6Y100         RAMD32                                       r  u_lcos_top/u_lcos_pg_top/u_lcos_pg_ram/u_fmc_bridge_lcos_ram/ip_fifo_indep_48x16_wr_fifo_waddr_wdata/U0/inst_fifo_gen/gconvfifo.rf/grf.rf/gntv_or_sync_fifo.mem/gdm.dm_gen.dm/RAM_reg_0_15_24_29/RAMA/CLK
                         clock pessimism              0.252    -0.542    
    SLICE_X6Y100         RAMD32 (Hold_ramd32_CLK_I)
                                                      0.147    -0.395    u_lcos_top/u_lcos_pg_top/u_lcos_pg_ram/u_fmc_bridge_lcos_ram/ip_fifo_indep_48x16_wr_fifo_waddr_wdata/U0/inst_fifo_gen/gconvfifo.rf/grf.rf/gntv_or_sync_fifo.mem/gdm.dm_gen.dm/RAM_reg_0_15_24_29/RAMA
  -------------------------------------------------------------------
                         required time                          0.395    
                         arrival time                          -0.359    
  -------------------------------------------------------------------
                         slack                                  0.036    

Slack (MET) :             0.036ns  (arrival time - required time)
  Source:                 u_lcos_top/u_lcos_ram/u_fmc_bridge_lcos_ram/r_fmc_wr_latch_data_reg[12]/C
                            (rising edge-triggered cell FDRE clocked by clk_out1_ip_clk_wiz_fmc_clk  {rise@0.000ns fall@5.787ns period=11.574ns})
  Destination:            u_lcos_top/u_lcos_ram/u_fmc_bridge_lcos_ram/ip_fifo_indep_48x16_wr_fifo_waddr_wdata/U0/inst_fifo_gen/gconvfifo.rf/grf.rf/gntv_or_sync_fifo.mem/gdm.dm_gen.dm/RAM_reg_0_15_12_17/RAMA/I
                            (rising edge-triggered cell RAMD32 clocked by clk_out1_ip_clk_wiz_fmc_clk  {rise@0.000ns fall@5.787ns period=11.574ns})
  Path Group:             clk_out1_ip_clk_wiz_fmc_clk
  Path Type:              Hold (Min at Fast Process Corner)
  Requirement:            0.000ns  (clk_out1_ip_clk_wiz_fmc_clk rise@0.000ns - clk_out1_ip_clk_wiz_fmc_clk rise@0.000ns)
  Data Path Delay:        0.196ns  (logic 0.141ns (71.838%)  route 0.055ns (28.162%))
  Logic Levels:           0  
  Clock Path Skew:        0.013ns (DCD - SCD - CPR)
    Destination Clock Delay (DCD):    -0.834ns
    Source Clock Delay      (SCD):    -0.592ns
    Clock Pessimism Removal (CPR):    -0.255ns

    Location             Delay type                Incr(ns)  Path(ns)    Netlist Resource(s)
  -------------------------------------------------------------------    -------------------
                         (clock clk_out1_ip_clk_wiz_fmc_clk rise edge)
                                                      0.000     0.000 r  
                         clock source latency        -1.674    -1.674    
    MMCME2_ADV_X0Y2      MMCME2_ADV                   0.000    -1.674 r  u_phy_fmc/ip_clk_wiz_fmc_clk/inst/mmcm_adv_inst/CLKOUT0
                         net (fo=1, routed)           0.495    -1.179    u_phy_fmc/ip_clk_wiz_fmc_clk/inst/clk_out1_ip_clk_wiz_fmc_clk
    BUFGCTRL_X0Y21       BUFG (Prop_bufg_I_O)         0.026    -1.153 r  u_phy_fmc/ip_clk_wiz_fmc_clk/inst/clkout1_buf/O
                         net (fo=2258, routed)        0.561    -0.592    u_lcos_top/u_lcos_ram/u_fmc_bridge_lcos_ram/CLK
    SLICE_X31Y72         FDRE                                         r  u_lcos_top/u_lcos_ram/u_fmc_bridge_lcos_ram/r_fmc_wr_latch_data_reg[12]/C
  -------------------------------------------------------------------    -------------------
    SLICE_X31Y72         FDRE (Prop_fdre_C_Q)         0.141    -0.451 r  u_lcos_top/u_lcos_ram/u_fmc_bridge_lcos_ram/r_fmc_wr_latch_data_reg[12]/Q
                         net (fo=1, routed)           0.055    -0.396    u_lcos_top/u_lcos_ram/u_fmc_bridge_lcos_ram/ip_fifo_indep_48x16_wr_fifo_waddr_wdata/U0/inst_fifo_gen/gconvfifo.rf/grf.rf/gntv_or_sync_fifo.mem/gdm.dm_gen.dm/RAM_reg_0_15_12_17/DIA0
    SLICE_X30Y72         RAMD32                                       r  u_lcos_top/u_lcos_ram/u_fmc_bridge_lcos_ram/ip_fifo_indep_48x16_wr_fifo_waddr_wdata/U0/inst_fifo_gen/gconvfifo.rf/grf.rf/gntv_or_sync_fifo.mem/gdm.dm_gen.dm/RAM_reg_0_15_12_17/RAMA/I
  -------------------------------------------------------------------    -------------------

                         (clock clk_out1_ip_clk_wiz_fmc_clk rise edge)
                                                      0.000     0.000 r  
                         clock source latency        -2.232    -2.232    
    MMCME2_ADV_X0Y2      MMCME2_ADV                   0.000    -2.232 r  u_phy_fmc/ip_clk_wiz_fmc_clk/inst/mmcm_adv_inst/CLKOUT0
                         net (fo=1, routed)           0.540    -1.692    u_phy_fmc/ip_clk_wiz_fmc_clk/inst/clk_out1_ip_clk_wiz_fmc_clk
    BUFGCTRL_X0Y21       BUFG (Prop_bufg_I_O)         0.029    -1.663 r  u_phy_fmc/ip_clk_wiz_fmc_clk/inst/clkout1_buf/O
                         net (fo=2258, routed)        0.829    -0.834    u_lcos_top/u_lcos_ram/u_fmc_bridge_lcos_ram/ip_fifo_indep_48x16_wr_fifo_waddr_wdata/U0/inst_fifo_gen/gconvfifo.rf/grf.rf/gntv_or_sync_fifo.mem/gdm.dm_gen.dm/RAM_reg_0_15_12_17/WCLK
    SLICE_X30Y72         RAMD32                                       r  u_lcos_top/u_lcos_ram/u_fmc_bridge_lcos_ram/ip_fifo_indep_48x16_wr_fifo_waddr_wdata/U0/inst_fifo_gen/gconvfifo.rf/grf.rf/gntv_or_sync_fifo.mem/gdm.dm_gen.dm/RAM_reg_0_15_12_17/RAMA/CLK
                         clock pessimism              0.255    -0.579    
    SLICE_X30Y72         RAMD32 (Hold_ramd32_CLK_I)
                                                      0.147    -0.432    u_lcos_top/u_lcos_ram/u_fmc_bridge_lcos_ram/ip_fifo_indep_48x16_wr_fifo_waddr_wdata/U0/inst_fifo_gen/gconvfifo.rf/grf.rf/gntv_or_sync_fifo.mem/gdm.dm_gen.dm/RAM_reg_0_15_12_17/RAMA
  -------------------------------------------------------------------
                         required time                          0.432    
                         arrival time                          -0.396    
  -------------------------------------------------------------------
                         slack                                  0.036    

Slack (MET) :             0.036ns  (arrival time - required time)
  Source:                 u_sys_top_with_ddr3/u_sys_ram/u_fmc_bridge_lcos_ram/r_fmc_wr_latch_data_reg[0]/C
                            (rising edge-triggered cell FDRE clocked by clk_out1_ip_clk_wiz_fmc_clk  {rise@0.000ns fall@5.787ns period=11.574ns})
  Destination:            u_sys_top_with_ddr3/u_sys_ram/u_fmc_bridge_lcos_ram/ip_fifo_indep_48x16_wr_fifo_waddr_wdata/U0/inst_fifo_gen/gconvfifo.rf/grf.rf/gntv_or_sync_fifo.mem/gdm.dm_gen.dm/RAM_reg_0_15_0_5/RAMA/I
                            (rising edge-triggered cell RAMD32 clocked by clk_out1_ip_clk_wiz_fmc_clk  {rise@0.000ns fall@5.787ns period=11.574ns})
  Path Group:             clk_out1_ip_clk_wiz_fmc_clk
  Path Type:              Hold (Min at Fast Process Corner)
  Requirement:            0.000ns  (clk_out1_ip_clk_wiz_fmc_clk rise@0.000ns - clk_out1_ip_clk_wiz_fmc_clk rise@0.000ns)
  Data Path Delay:        0.196ns  (logic 0.141ns (71.838%)  route 0.055ns (28.162%))
  Logic Levels:           0  
  Clock Path Skew:        0.013ns (DCD - SCD - CPR)
    Destination Clock Delay (DCD):    -0.821ns
    Source Clock Delay      (SCD):    -0.581ns
    Clock Pessimism Removal (CPR):    -0.253ns

    Location             Delay type                Incr(ns)  Path(ns)    Netlist Resource(s)
  -------------------------------------------------------------------    -------------------
                         (clock clk_out1_ip_clk_wiz_fmc_clk rise edge)
                                                      0.000     0.000 r  
                         clock source latency        -1.674    -1.674    
    MMCME2_ADV_X0Y2      MMCME2_ADV                   0.000    -1.674 r  u_phy_fmc/ip_clk_wiz_fmc_clk/inst/mmcm_adv_inst/CLKOUT0
                         net (fo=1, routed)           0.495    -1.179    u_phy_fmc/ip_clk_wiz_fmc_clk/inst/clk_out1_ip_clk_wiz_fmc_clk
    BUFGCTRL_X0Y21       BUFG (Prop_bufg_I_O)         0.026    -1.153 r  u_phy_fmc/ip_clk_wiz_fmc_clk/inst/clkout1_buf/O
                         net (fo=2258, routed)        0.572    -0.581    u_sys_top_with_ddr3/u_sys_ram/u_fmc_bridge_lcos_ram/CLK
    SLICE_X15Y87         FDRE                                         r  u_sys_top_with_ddr3/u_sys_ram/u_fmc_bridge_lcos_ram/r_fmc_wr_latch_data_reg[0]/C
  -------------------------------------------------------------------    -------------------
    SLICE_X15Y87         FDRE (Prop_fdre_C_Q)         0.141    -0.440 r  u_sys_top_with_ddr3/u_sys_ram/u_fmc_bridge_lcos_ram/r_fmc_wr_latch_data_reg[0]/Q
                         net (fo=1, routed)           0.055    -0.385    u_sys_top_with_ddr3/u_sys_ram/u_fmc_bridge_lcos_ram/ip_fifo_indep_48x16_wr_fifo_waddr_wdata/U0/inst_fifo_gen/gconvfifo.rf/grf.rf/gntv_or_sync_fifo.mem/gdm.dm_gen.dm/RAM_reg_0_15_0_5/DIA0
    SLICE_X14Y87         RAMD32                                       r  u_sys_top_with_ddr3/u_sys_ram/u_fmc_bridge_lcos_ram/ip_fifo_indep_48x16_wr_fifo_waddr_wdata/U0/inst_fifo_gen/gconvfifo.rf/grf.rf/gntv_or_sync_fifo.mem/gdm.dm_gen.dm/RAM_reg_0_15_0_5/RAMA/I
  -------------------------------------------------------------------    -------------------

                         (clock clk_out1_ip_clk_wiz_fmc_clk rise edge)
                                                      0.000     0.000 r  
                         clock source latency        -2.232    -2.232    
    MMCME2_ADV_X0Y2      MMCME2_ADV                   0.000    -2.232 r  u_phy_fmc/ip_clk_wiz_fmc_clk/inst/mmcm_adv_inst/CLKOUT0
                         net (fo=1, routed)           0.540    -1.692    u_phy_fmc/ip_clk_wiz_fmc_clk/inst/clk_out1_ip_clk_wiz_fmc_clk
    BUFGCTRL_X0Y21       BUFG (Prop_bufg_I_O)         0.029    -1.663 r  u_phy_fmc/ip_clk_wiz_fmc_clk/inst/clkout1_buf/O
                         net (fo=2258, routed)        0.842    -0.821    u_sys_top_with_ddr3/u_sys_ram/u_fmc_bridge_lcos_ram/ip_fifo_indep_48x16_wr_fifo_waddr_wdata/U0/inst_fifo_gen/gconvfifo.rf/grf.rf/gntv_or_sync_fifo.mem/gdm.dm_gen.dm/RAM_reg_0_15_0_5/WCLK
    SLICE_X14Y87         RAMD32                                       r  u_sys_top_with_ddr3/u_sys_ram/u_fmc_bridge_lcos_ram/ip_fifo_indep_48x16_wr_fifo_waddr_wdata/U0/inst_fifo_gen/gconvfifo.rf/grf.rf/gntv_or_sync_fifo.mem/gdm.dm_gen.dm/RAM_reg_0_15_0_5/RAMA/CLK
                         clock pessimism              0.253    -0.568    
    SLICE_X14Y87         RAMD32 (Hold_ramd32_CLK_I)
                                                      0.147    -0.421    u_sys_top_with_ddr3/u_sys_ram/u_fmc_bridge_lcos_ram/ip_fifo_indep_48x16_wr_fifo_waddr_wdata/U0/inst_fifo_gen/gconvfifo.rf/grf.rf/gntv_or_sync_fifo.mem/gdm.dm_gen.dm/RAM_reg_0_15_0_5/RAMA
  -------------------------------------------------------------------
                         required time                          0.421    
                         arrival time                          -0.385    
  -------------------------------------------------------------------
                         slack                                  0.036    

Slack (MET) :             0.036ns  (arrival time - required time)
  Source:                 u_ddr3_top/u_ddr3_bram/u_fmc_bridge_lcos_ram/r_fmc_wr_latch_data_reg[12]/C
                            (rising edge-triggered cell FDRE clocked by clk_out1_ip_clk_wiz_fmc_clk  {rise@0.000ns fall@5.787ns period=11.574ns})
  Destination:            u_ddr3_top/u_ddr3_bram/u_fmc_bridge_lcos_ram/ip_fifo_indep_48x16_wr_fifo_waddr_wdata/U0/inst_fifo_gen/gconvfifo.rf/grf.rf/gntv_or_sync_fifo.mem/gdm.dm_gen.dm/RAM_reg_0_15_12_17/RAMA/I
                            (rising edge-triggered cell RAMD32 clocked by clk_out1_ip_clk_wiz_fmc_clk  {rise@0.000ns fall@5.787ns period=11.574ns})
  Path Group:             clk_out1_ip_clk_wiz_fmc_clk
  Path Type:              Hold (Min at Fast Process Corner)
  Requirement:            0.000ns  (clk_out1_ip_clk_wiz_fmc_clk rise@0.000ns - clk_out1_ip_clk_wiz_fmc_clk rise@0.000ns)
  Data Path Delay:        0.196ns  (logic 0.141ns (71.838%)  route 0.055ns (28.162%))
  Logic Levels:           0  
  Clock Path Skew:        0.013ns (DCD - SCD - CPR)
    Destination Clock Delay (DCD):    -0.823ns
    Source Clock Delay      (SCD):    -0.585ns
    Clock Pessimism Removal (CPR):    -0.251ns

    Location             Delay type                Incr(ns)  Path(ns)    Netlist Resource(s)
  -------------------------------------------------------------------    -------------------
                         (clock clk_out1_ip_clk_wiz_fmc_clk rise edge)
                                                      0.000     0.000 r  
                         clock source latency        -1.674    -1.674    
    MMCME2_ADV_X0Y2      MMCME2_ADV                   0.000    -1.674 r  u_phy_fmc/ip_clk_wiz_fmc_clk/inst/mmcm_adv_inst/CLKOUT0
                         net (fo=1, routed)           0.495    -1.179    u_phy_fmc/ip_clk_wiz_fmc_clk/inst/clk_out1_ip_clk_wiz_fmc_clk
    BUFGCTRL_X0Y21       BUFG (Prop_bufg_I_O)         0.026    -1.153 r  u_phy_fmc/ip_clk_wiz_fmc_clk/inst/clkout1_buf/O
                         net (fo=2258, routed)        0.568    -0.585    u_ddr3_top/u_ddr3_bram/u_fmc_bridge_lcos_ram/CLK
    SLICE_X39Y95         FDRE                                         r  u_ddr3_top/u_ddr3_bram/u_fmc_bridge_lcos_ram/r_fmc_wr_latch_data_reg[12]/C
  -------------------------------------------------------------------    -------------------
    SLICE_X39Y95         FDRE (Prop_fdre_C_Q)         0.141    -0.444 r  u_ddr3_top/u_ddr3_bram/u_fmc_bridge_lcos_ram/r_fmc_wr_latch_data_reg[12]/Q
                         net (fo=1, routed)           0.055    -0.389    u_ddr3_top/u_ddr3_bram/u_fmc_bridge_lcos_ram/ip_fifo_indep_48x16_wr_fifo_waddr_wdata/U0/inst_fifo_gen/gconvfifo.rf/grf.rf/gntv_or_sync_fifo.mem/gdm.dm_gen.dm/RAM_reg_0_15_12_17/DIA0
    SLICE_X38Y95         RAMD32                                       r  u_ddr3_top/u_ddr3_bram/u_fmc_bridge_lcos_ram/ip_fifo_indep_48x16_wr_fifo_waddr_wdata/U0/inst_fifo_gen/gconvfifo.rf/grf.rf/gntv_or_sync_fifo.mem/gdm.dm_gen.dm/RAM_reg_0_15_12_17/RAMA/I
  -------------------------------------------------------------------    -------------------

                         (clock clk_out1_ip_clk_wiz_fmc_clk rise edge)
                                                      0.000     0.000 r  
                         clock source latency        -2.232    -2.232    
    MMCME2_ADV_X0Y2      MMCME2_ADV                   0.000    -2.232 r  u_phy_fmc/ip_clk_wiz_fmc_clk/inst/mmcm_adv_inst/CLKOUT0
                         net (fo=1, routed)           0.540    -1.692    u_phy_fmc/ip_clk_wiz_fmc_clk/inst/clk_out1_ip_clk_wiz_fmc_clk
    BUFGCTRL_X0Y21       BUFG (Prop_bufg_I_O)         0.029    -1.663 r  u_phy_fmc/ip_clk_wiz_fmc_clk/inst/clkout1_buf/O
                         net (fo=2258, routed)        0.840    -0.823    u_ddr3_top/u_ddr3_bram/u_fmc_bridge_lcos_ram/ip_fifo_indep_48x16_wr_fifo_waddr_wdata/U0/inst_fifo_gen/gconvfifo.rf/grf.rf/gntv_or_sync_fifo.mem/gdm.dm_gen.dm/RAM_reg_0_15_12_17/WCLK
    SLICE_X38Y95         RAMD32                                       r  u_ddr3_top/u_ddr3_bram/u_fmc_bridge_lcos_ram/ip_fifo_indep_48x16_wr_fifo_waddr_wdata/U0/inst_fifo_gen/gconvfifo.rf/grf.rf/gntv_or_sync_fifo.mem/gdm.dm_gen.dm/RAM_reg_0_15_12_17/RAMA/CLK
                         clock pessimism              0.251    -0.572    
    SLICE_X38Y95         RAMD32 (Hold_ramd32_CLK_I)
                                                      0.147    -0.425    u_ddr3_top/u_ddr3_bram/u_fmc_bridge_lcos_ram/ip_fifo_indep_48x16_wr_fifo_waddr_wdata/U0/inst_fifo_gen/gconvfifo.rf/grf.rf/gntv_or_sync_fifo.mem/gdm.dm_gen.dm/RAM_reg_0_15_12_17/RAMA
  -------------------------------------------------------------------
                         required time                          0.425    
                         arrival time                          -0.389    
  -------------------------------------------------------------------
                         slack                                  0.036    

Slack (MET) :             0.036ns  (arrival time - required time)
  Source:                 u_lcos_top/u_lcos_ram/u_fmc_bridge_lcos_ram/r_fmc_wr_latch_data_reg[18]/C
                            (rising edge-triggered cell FDRE clocked by clk_out1_ip_clk_wiz_fmc_clk  {rise@0.000ns fall@5.787ns period=11.574ns})
  Destination:            u_lcos_top/u_lcos_ram/u_fmc_bridge_lcos_ram/ip_fifo_indep_48x16_wr_fifo_waddr_wdata/U0/inst_fifo_gen/gconvfifo.rf/grf.rf/gntv_or_sync_fifo.mem/gdm.dm_gen.dm/RAM_reg_0_15_18_23/RAMA/I
                            (rising edge-triggered cell RAMD32 clocked by clk_out1_ip_clk_wiz_fmc_clk  {rise@0.000ns fall@5.787ns period=11.574ns})
  Path Group:             clk_out1_ip_clk_wiz_fmc_clk
  Path Type:              Hold (Min at Fast Process Corner)
  Requirement:            0.000ns  (clk_out1_ip_clk_wiz_fmc_clk rise@0.000ns - clk_out1_ip_clk_wiz_fmc_clk rise@0.000ns)
  Data Path Delay:        0.196ns  (logic 0.141ns (71.838%)  route 0.055ns (28.162%))
  Logic Levels:           0  
  Clock Path Skew:        0.013ns (DCD - SCD - CPR)
    Destination Clock Delay (DCD):    -0.832ns
    Source Clock Delay      (SCD):    -0.590ns
    Clock Pessimism Removal (CPR):    -0.255ns

    Location             Delay type                Incr(ns)  Path(ns)    Netlist Resource(s)
  -------------------------------------------------------------------    -------------------
                         (clock clk_out1_ip_clk_wiz_fmc_clk rise edge)
                                                      0.000     0.000 r  
                         clock source latency        -1.674    -1.674    
    MMCME2_ADV_X0Y2      MMCME2_ADV                   0.000    -1.674 r  u_phy_fmc/ip_clk_wiz_fmc_clk/inst/mmcm_adv_inst/CLKOUT0
                         net (fo=1, routed)           0.495    -1.179    u_phy_fmc/ip_clk_wiz_fmc_clk/inst/clk_out1_ip_clk_wiz_fmc_clk
    BUFGCTRL_X0Y21       BUFG (Prop_bufg_I_O)         0.026    -1.153 r  u_phy_fmc/ip_clk_wiz_fmc_clk/inst/clkout1_buf/O
                         net (fo=2258, routed)        0.563    -0.590    u_lcos_top/u_lcos_ram/u_fmc_bridge_lcos_ram/CLK
    SLICE_X15Y73         FDRE                                         r  u_lcos_top/u_lcos_ram/u_fmc_bridge_lcos_ram/r_fmc_wr_latch_data_reg[18]/C
  -------------------------------------------------------------------    -------------------
    SLICE_X15Y73         FDRE (Prop_fdre_C_Q)         0.141    -0.449 r  u_lcos_top/u_lcos_ram/u_fmc_bridge_lcos_ram/r_fmc_wr_latch_data_reg[18]/Q
                         net (fo=1, routed)           0.055    -0.394    u_lcos_top/u_lcos_ram/u_fmc_bridge_lcos_ram/ip_fifo_indep_48x16_wr_fifo_waddr_wdata/U0/inst_fifo_gen/gconvfifo.rf/grf.rf/gntv_or_sync_fifo.mem/gdm.dm_gen.dm/RAM_reg_0_15_18_23/DIA0
    SLICE_X14Y73         RAMD32                                       r  u_lcos_top/u_lcos_ram/u_fmc_bridge_lcos_ram/ip_fifo_indep_48x16_wr_fifo_waddr_wdata/U0/inst_fifo_gen/gconvfifo.rf/grf.rf/gntv_or_sync_fifo.mem/gdm.dm_gen.dm/RAM_reg_0_15_18_23/RAMA/I
  -------------------------------------------------------------------    -------------------

                         (clock clk_out1_ip_clk_wiz_fmc_clk rise edge)
                                                      0.000     0.000 r  
                         clock source latency        -2.232    -2.232    
    MMCME2_ADV_X0Y2      MMCME2_ADV                   0.000    -2.232 r  u_phy_fmc/ip_clk_wiz_fmc_clk/inst/mmcm_adv_inst/CLKOUT0
                         net (fo=1, routed)           0.540    -1.692    u_phy_fmc/ip_clk_wiz_fmc_clk/inst/clk_out1_ip_clk_wiz_fmc_clk
    BUFGCTRL_X0Y21       BUFG (Prop_bufg_I_O)         0.029    -1.663 r  u_phy_fmc/ip_clk_wiz_fmc_clk/inst/clkout1_buf/O
                         net (fo=2258, routed)        0.831    -0.832    u_lcos_top/u_lcos_ram/u_fmc_bridge_lcos_ram/ip_fifo_indep_48x16_wr_fifo_waddr_wdata/U0/inst_fifo_gen/gconvfifo.rf/grf.rf/gntv_or_sync_fifo.mem/gdm.dm_gen.dm/RAM_reg_0_15_18_23/WCLK
    SLICE_X14Y73         RAMD32                                       r  u_lcos_top/u_lcos_ram/u_fmc_bridge_lcos_ram/ip_fifo_indep_48x16_wr_fifo_waddr_wdata/U0/inst_fifo_gen/gconvfifo.rf/grf.rf/gntv_or_sync_fifo.mem/gdm.dm_gen.dm/RAM_reg_0_15_18_23/RAMA/CLK
                         clock pessimism              0.255    -0.577    
    SLICE_X14Y73         RAMD32 (Hold_ramd32_CLK_I)
                                                      0.147    -0.430    u_lcos_top/u_lcos_ram/u_fmc_bridge_lcos_ram/ip_fifo_indep_48x16_wr_fifo_waddr_wdata/U0/inst_fifo_gen/gconvfifo.rf/grf.rf/gntv_or_sync_fifo.mem/gdm.dm_gen.dm/RAM_reg_0_15_18_23/RAMA
  -------------------------------------------------------------------
                         required time                          0.430    
                         arrival time                          -0.394    
  -------------------------------------------------------------------
                         slack                                  0.036    

Slack (MET) :             0.036ns  (arrival time - required time)
  Source:                 u_lcos_top/u_lcos_ram/u_fmc_bridge_lcos_ram/r_fmc_wr_latch_data_reg[24]/C
                            (rising edge-triggered cell FDRE clocked by clk_out1_ip_clk_wiz_fmc_clk  {rise@0.000ns fall@5.787ns period=11.574ns})
  Destination:            u_lcos_top/u_lcos_ram/u_fmc_bridge_lcos_ram/ip_fifo_indep_48x16_wr_fifo_waddr_wdata/U0/inst_fifo_gen/gconvfifo.rf/grf.rf/gntv_or_sync_fifo.mem/gdm.dm_gen.dm/RAM_reg_0_15_24_29/RAMA/I
                            (rising edge-triggered cell RAMD32 clocked by clk_out1_ip_clk_wiz_fmc_clk  {rise@0.000ns fall@5.787ns period=11.574ns})
  Path Group:             clk_out1_ip_clk_wiz_fmc_clk
  Path Type:              Hold (Min at Fast Process Corner)
  Requirement:            0.000ns  (clk_out1_ip_clk_wiz_fmc_clk rise@0.000ns - clk_out1_ip_clk_wiz_fmc_clk rise@0.000ns)
  Data Path Delay:        0.196ns  (logic 0.141ns (71.838%)  route 0.055ns (28.162%))
  Logic Levels:           0  
  Clock Path Skew:        0.013ns (DCD - SCD - CPR)
    Destination Clock Delay (DCD):    -0.833ns
    Source Clock Delay      (SCD):    -0.591ns
    Clock Pessimism Removal (CPR):    -0.255ns

    Location             Delay type                Incr(ns)  Path(ns)    Netlist Resource(s)
  -------------------------------------------------------------------    -------------------
                         (clock clk_out1_ip_clk_wiz_fmc_clk rise edge)
                                                      0.000     0.000 r  
                         clock source latency        -1.674    -1.674    
    MMCME2_ADV_X0Y2      MMCME2_ADV                   0.000    -1.674 r  u_phy_fmc/ip_clk_wiz_fmc_clk/inst/mmcm_adv_inst/CLKOUT0
                         net (fo=1, routed)           0.495    -1.179    u_phy_fmc/ip_clk_wiz_fmc_clk/inst/clk_out1_ip_clk_wiz_fmc_clk
    BUFGCTRL_X0Y21       BUFG (Prop_bufg_I_O)         0.026    -1.153 r  u_phy_fmc/ip_clk_wiz_fmc_clk/inst/clkout1_buf/O
                         net (fo=2258, routed)        0.562    -0.591    u_lcos_top/u_lcos_ram/u_fmc_bridge_lcos_ram/CLK
    SLICE_X15Y74         FDRE                                         r  u_lcos_top/u_lcos_ram/u_fmc_bridge_lcos_ram/r_fmc_wr_latch_data_reg[24]/C
  -------------------------------------------------------------------    -------------------
    SLICE_X15Y74         FDRE (Prop_fdre_C_Q)         0.141    -0.450 r  u_lcos_top/u_lcos_ram/u_fmc_bridge_lcos_ram/r_fmc_wr_latch_data_reg[24]/Q
                         net (fo=1, routed)           0.055    -0.395    u_lcos_top/u_lcos_ram/u_fmc_bridge_lcos_ram/ip_fifo_indep_48x16_wr_fifo_waddr_wdata/U0/inst_fifo_gen/gconvfifo.rf/grf.rf/gntv_or_sync_fifo.mem/gdm.dm_gen.dm/RAM_reg_0_15_24_29/DIA0
    SLICE_X14Y74         RAMD32                                       r  u_lcos_top/u_lcos_ram/u_fmc_bridge_lcos_ram/ip_fifo_indep_48x16_wr_fifo_waddr_wdata/U0/inst_fifo_gen/gconvfifo.rf/grf.rf/gntv_or_sync_fifo.mem/gdm.dm_gen.dm/RAM_reg_0_15_24_29/RAMA/I
  -------------------------------------------------------------------    -------------------

                         (clock clk_out1_ip_clk_wiz_fmc_clk rise edge)
                                                      0.000     0.000 r  
                         clock source latency        -2.232    -2.232    
    MMCME2_ADV_X0Y2      MMCME2_ADV                   0.000    -2.232 r  u_phy_fmc/ip_clk_wiz_fmc_clk/inst/mmcm_adv_inst/CLKOUT0
                         net (fo=1, routed)           0.540    -1.692    u_phy_fmc/ip_clk_wiz_fmc_clk/inst/clk_out1_ip_clk_wiz_fmc_clk
    BUFGCTRL_X0Y21       BUFG (Prop_bufg_I_O)         0.029    -1.663 r  u_phy_fmc/ip_clk_wiz_fmc_clk/inst/clkout1_buf/O
                         net (fo=2258, routed)        0.830    -0.833    u_lcos_top/u_lcos_ram/u_fmc_bridge_lcos_ram/ip_fifo_indep_48x16_wr_fifo_waddr_wdata/U0/inst_fifo_gen/gconvfifo.rf/grf.rf/gntv_or_sync_fifo.mem/gdm.dm_gen.dm/RAM_reg_0_15_24_29/WCLK
    SLICE_X14Y74         RAMD32                                       r  u_lcos_top/u_lcos_ram/u_fmc_bridge_lcos_ram/ip_fifo_indep_48x16_wr_fifo_waddr_wdata/U0/inst_fifo_gen/gconvfifo.rf/grf.rf/gntv_or_sync_fifo.mem/gdm.dm_gen.dm/RAM_reg_0_15_24_29/RAMA/CLK
                         clock pessimism              0.255    -0.578    
    SLICE_X14Y74         RAMD32 (Hold_ramd32_CLK_I)
                                                      0.147    -0.431    u_lcos_top/u_lcos_ram/u_fmc_bridge_lcos_ram/ip_fifo_indep_48x16_wr_fifo_waddr_wdata/U0/inst_fifo_gen/gconvfifo.rf/grf.rf/gntv_or_sync_fifo.mem/gdm.dm_gen.dm/RAM_reg_0_15_24_29/RAMA
  -------------------------------------------------------------------
                         required time                          0.431    
                         arrival time                          -0.395    
  -------------------------------------------------------------------
                         slack                                  0.036    




