Copyright 1986-2019 Xilinx, Inc. All Rights Reserved.
------------------------------------------------------------------------------------------------------------------------------------------------------------------------------------------------------------------------------------------------------------------------------------
| Tool Version : Vivado v.2019.2 (lin64) Build 2708876 Wed Nov  6 21:39:14 MST 2019
| Date         : Thu Feb 26 11:44:36 2026
| Host         : lc-kjlee-pc running 64-bit Ubuntu 24.04.3 LTS
| Command      : report_timing -delay_type max -path_type full_clock -max_paths 10 -slack_lesser_than 0.2 -nworst 2 -name setup_critical -file /home/lc-kjlee-pc/works/fpga/20260202_MLC60_FPGA_100_630A_DDR/MLC_FPGA.reports/post_route_revA_20260226_113801/01/Setup_Critical.rpt
| Design       : top_with_ddr3
| Device       : 7a100t-fgg676
| Speed File   : -2  PRODUCTION 1.23 2018-06-13
------------------------------------------------------------------------------------------------------------------------------------------------------------------------------------------------------------------------------------------------------------------------------------

Timing Report

Slack (MET) :             0.093ns  (required time - arrival time)
  Source:                 u_lcos_top/u_lcos_pg_top/u_lcos_pg_reg_top/u_fmc_bridge_lcos_pg_reg/r_sys_raddr_reg[0]/C
                            (rising edge-triggered cell FDRE clocked by clk_out3_ip_clk_wiz_lcos_pclk  {rise@0.000ns fall@3.205ns period=6.410ns})
  Destination:            u_lcos_top/u_lcos_pg_top/u_lcos_pg_reg_top/u_lcos_pg_reg_get/r_reg_rdata_reg[17]/D
                            (rising edge-triggered cell FDRE clocked by clk_out3_ip_clk_wiz_lcos_pclk  {rise@0.000ns fall@3.205ns period=6.410ns})
  Path Group:             clk_out3_ip_clk_wiz_lcos_pclk
  Path Type:              Setup (Max at Slow Process Corner)
  Requirement:            6.410ns  (clk_out3_ip_clk_wiz_lcos_pclk rise@6.410ns - clk_out3_ip_clk_wiz_lcos_pclk rise@0.000ns)
  Data Path Delay:        6.012ns  (logic 1.550ns (25.783%)  route 4.462ns (74.217%))
  Logic Levels:           8  (LUT3=1 LUT6=5 MUXF7=2)
  Clock Path Skew:        -0.255ns (DCD - SCD + CPR)
    Destination Clock Delay (DCD):    -1.021ns = ( 5.389 - 6.410 ) 
    Source Clock Delay      (SCD):    -0.422ns
    Clock Pessimism Removal (CPR):    0.344ns
  Clock Uncertainty:      0.154ns  ((TSJ^2 + DJ^2)^1/2) / 2 + PE
    Total System Jitter     (TSJ):    0.071ns
    Discrete Jitter          (DJ):    0.299ns
    Phase Error              (PE):    0.000ns

    Location             Delay type                Incr(ns)  Path(ns)    Netlist Resource(s)
  -------------------------------------------------------------------    -------------------
                         (clock clk_out3_ip_clk_wiz_lcos_pclk rise edge)
                                                      0.000     0.000 r  
                         clock source latency        -3.742    -3.742    
    MMCME2_ADV_X0Y3      MMCME2_ADV                   0.000    -3.742 r  ip_clk_wiz_lcos_pclk/inst/mmcm_adv_inst/CLKOUT2
                         net (fo=1, routed)           1.714    -2.028    ip_clk_wiz_lcos_pclk/inst/clk_out3_ip_clk_wiz_lcos_pclk
    BUFGCTRL_X0Y19       BUFG (Prop_bufg_I_O)         0.081    -1.947 r  ip_clk_wiz_lcos_pclk/inst/clkout3_buf/O
                         net (fo=10007, routed)       1.525    -0.422    u_lcos_top/u_lcos_pg_top/u_lcos_pg_reg_top/u_fmc_bridge_lcos_pg_reg/clk_out3
    SLICE_X46Y48         FDRE                                         r  u_lcos_top/u_lcos_pg_top/u_lcos_pg_reg_top/u_fmc_bridge_lcos_pg_reg/r_sys_raddr_reg[0]/C
  -------------------------------------------------------------------    -------------------
    SLICE_X46Y48         FDRE (Prop_fdre_C_Q)         0.433     0.011 f  u_lcos_top/u_lcos_pg_top/u_lcos_pg_reg_top/u_fmc_bridge_lcos_pg_reg/r_sys_raddr_reg[0]/Q
                         net (fo=37, routed)          0.839     0.850    u_lcos_top/u_lcos_pg_top/u_lcos_pg_reg_top/u_fmc_bridge_lcos_pg_reg/r_sys_raddr[0]
    SLICE_X46Y49         LUT6 (Prop_lut6_I0_O)        0.105     0.955 r  u_lcos_top/u_lcos_pg_top/u_lcos_pg_reg_top/u_fmc_bridge_lcos_pg_reg/r_reg_rdata[15]_i_95/O
                         net (fo=1, routed)           0.000     0.955    u_lcos_top/u_lcos_pg_top/u_lcos_pg_reg_top/u_fmc_bridge_lcos_pg_reg/r_reg_rdata[15]_i_95_n_0
    SLICE_X46Y49         MUXF7 (Prop_muxf7_I1_O)      0.178     1.133 r  u_lcos_top/u_lcos_pg_top/u_lcos_pg_reg_top/u_fmc_bridge_lcos_pg_reg/r_reg_rdata_reg[15]_i_80/O
                         net (fo=1, routed)           0.544     1.677    u_lcos_top/u_lcos_pg_top/u_lcos_pg_reg_top/u_fmc_bridge_lcos_pg_reg/r_reg_rdata_reg[15]_i_80_n_0
    SLICE_X47Y49         LUT6 (Prop_lut6_I5_O)        0.241     1.918 r  u_lcos_top/u_lcos_pg_top/u_lcos_pg_reg_top/u_fmc_bridge_lcos_pg_reg/r_reg_rdata[15]_i_54/O
                         net (fo=4, routed)           0.697     2.615    u_lcos_top/u_lcos_pg_top/u_lcos_pg_reg_top/u_fmc_bridge_lcos_pg_reg/r_reg_rdata[15]_i_54_n_0
    SLICE_X49Y50         LUT6 (Prop_lut6_I4_O)        0.105     2.720 r  u_lcos_top/u_lcos_pg_top/u_lcos_pg_reg_top/u_fmc_bridge_lcos_pg_reg/r_reg_rdata[15]_i_44/O
                         net (fo=133, routed)         0.527     3.248    u_lcos_top/u_lcos_pg_top/u_lcos_pg_reg_top/u_fmc_bridge_lcos_pg_reg/r_sys_raddr_reg[3]_0
    SLICE_X50Y52         LUT3 (Prop_lut3_I0_O)        0.105     3.353 r  u_lcos_top/u_lcos_pg_top/u_lcos_pg_reg_top/u_fmc_bridge_lcos_pg_reg/r_reg_rdata[31]_i_34/O
                         net (fo=10, routed)          0.815     4.167    u_lcos_top/u_lcos_pg_top/u_lcos_pg_reg_top/u_fmc_bridge_lcos_pg_reg/r_reg_rdata[31]_i_34_n_0
    SLICE_X53Y52         LUT6 (Prop_lut6_I5_O)        0.105     4.272 r  u_lcos_top/u_lcos_pg_top/u_lcos_pg_reg_top/u_fmc_bridge_lcos_pg_reg/r_reg_rdata[31]_i_13/O
                         net (fo=16, routed)          1.040     5.312    u_lcos_top/u_lcos_pg_top/u_lcos_pg_reg_top/u_fmc_bridge_lcos_pg_reg/r_reg_rdata[31]_i_13_n_0
    SLICE_X60Y55         LUT6 (Prop_lut6_I1_O)        0.105     5.417 r  u_lcos_top/u_lcos_pg_top/u_lcos_pg_reg_top/u_fmc_bridge_lcos_pg_reg/r_reg_rdata[17]_i_2/O
                         net (fo=1, routed)           0.000     5.417    u_lcos_top/u_lcos_pg_top/u_lcos_pg_reg_top/u_fmc_bridge_lcos_pg_reg/r_reg_rdata[17]_i_2_n_0
    SLICE_X60Y55         MUXF7 (Prop_muxf7_I0_O)      0.173     5.590 r  u_lcos_top/u_lcos_pg_top/u_lcos_pg_reg_top/u_fmc_bridge_lcos_pg_reg/r_reg_rdata_reg[17]_i_1/O
                         net (fo=1, routed)           0.000     5.590    u_lcos_top/u_lcos_pg_top/u_lcos_pg_reg_top/u_lcos_pg_reg_get/r_reg_rdata_reg[17]_0
    SLICE_X60Y55         FDRE                                         r  u_lcos_top/u_lcos_pg_top/u_lcos_pg_reg_top/u_lcos_pg_reg_get/r_reg_rdata_reg[17]/D
  -------------------------------------------------------------------    -------------------

                         (clock clk_out3_ip_clk_wiz_lcos_pclk rise edge)
                                                      6.410     6.410 r  
                         clock source latency        -3.994     2.416    
    MMCME2_ADV_X0Y3      MMCME2_ADV                   0.000     2.416 r  ip_clk_wiz_lcos_pclk/inst/mmcm_adv_inst/CLKOUT2
                         net (fo=1, routed)           1.633     4.049    ip_clk_wiz_lcos_pclk/inst/clk_out3_ip_clk_wiz_lcos_pclk
    BUFGCTRL_X0Y19       BUFG (Prop_bufg_I_O)         0.077     4.126 r  ip_clk_wiz_lcos_pclk/inst/clkout3_buf/O
                         net (fo=10007, routed)       1.263     5.389    u_lcos_top/u_lcos_pg_top/u_lcos_pg_reg_top/u_lcos_pg_reg_get/clk_out3
    SLICE_X60Y55         FDRE                                         r  u_lcos_top/u_lcos_pg_top/u_lcos_pg_reg_top/u_lcos_pg_reg_get/r_reg_rdata_reg[17]/C
                         clock pessimism              0.344     5.733    
                         clock uncertainty           -0.154     5.579    
    SLICE_X60Y55         FDRE (Setup_fdre_C_D)        0.104     5.683    u_lcos_top/u_lcos_pg_top/u_lcos_pg_reg_top/u_lcos_pg_reg_get/r_reg_rdata_reg[17]
  -------------------------------------------------------------------
                         required time                          5.683    
                         arrival time                          -5.590    
  -------------------------------------------------------------------
                         slack                                  0.093    

Slack (MET) :             0.093ns  (required time - arrival time)
  Source:                 u_lcos_top/u_lcos_pg_top/u_lcos_pg_reg_top/u_fmc_bridge_lcos_pg_reg/r_sys_raddr_reg[0]/C
                            (rising edge-triggered cell FDRE clocked by clk_out3_ip_clk_wiz_lcos_pclk  {rise@0.000ns fall@3.205ns period=6.410ns})
  Destination:            u_lcos_top/u_lcos_pg_top/u_lcos_pg_reg_top/u_lcos_pg_reg_get/r_reg_rdata_reg[17]/D
                            (rising edge-triggered cell FDRE clocked by clk_out3_ip_clk_wiz_lcos_pclk  {rise@0.000ns fall@3.205ns period=6.410ns})
  Path Group:             clk_out3_ip_clk_wiz_lcos_pclk
  Path Type:              Setup (Max at Slow Process Corner)
  Requirement:            6.410ns  (clk_out3_ip_clk_wiz_lcos_pclk rise@6.410ns - clk_out3_ip_clk_wiz_lcos_pclk rise@0.000ns)
  Data Path Delay:        6.012ns  (logic 1.550ns (25.783%)  route 4.462ns (74.217%))
  Logic Levels:           8  (LUT3=1 LUT6=5 MUXF7=2)
  Clock Path Skew:        -0.255ns (DCD - SCD + CPR)
    Destination Clock Delay (DCD):    -1.021ns = ( 5.389 - 6.410 ) 
    Source Clock Delay      (SCD):    -0.422ns
    Clock Pessimism Removal (CPR):    0.344ns
  Clock Uncertainty:      0.154ns  ((TSJ^2 + DJ^2)^1/2) / 2 + PE
    Total System Jitter     (TSJ):    0.071ns
    Discrete Jitter          (DJ):    0.299ns
    Phase Error              (PE):    0.000ns

    Location             Delay type                Incr(ns)  Path(ns)    Netlist Resource(s)
  -------------------------------------------------------------------    -------------------
                         (clock clk_out3_ip_clk_wiz_lcos_pclk rise edge)
                                                      0.000     0.000 r  
                         clock source latency        -3.742    -3.742    
    MMCME2_ADV_X0Y3      MMCME2_ADV                   0.000    -3.742 r  ip_clk_wiz_lcos_pclk/inst/mmcm_adv_inst/CLKOUT2
                         net (fo=1, routed)           1.714    -2.028    ip_clk_wiz_lcos_pclk/inst/clk_out3_ip_clk_wiz_lcos_pclk
    BUFGCTRL_X0Y19       BUFG (Prop_bufg_I_O)         0.081    -1.947 r  ip_clk_wiz_lcos_pclk/inst/clkout3_buf/O
                         net (fo=10007, routed)       1.525    -0.422    u_lcos_top/u_lcos_pg_top/u_lcos_pg_reg_top/u_fmc_bridge_lcos_pg_reg/clk_out3
    SLICE_X46Y48         FDRE                                         r  u_lcos_top/u_lcos_pg_top/u_lcos_pg_reg_top/u_fmc_bridge_lcos_pg_reg/r_sys_raddr_reg[0]/C
  -------------------------------------------------------------------    -------------------
    SLICE_X46Y48         FDRE (Prop_fdre_C_Q)         0.433     0.011 r  u_lcos_top/u_lcos_pg_top/u_lcos_pg_reg_top/u_fmc_bridge_lcos_pg_reg/r_sys_raddr_reg[0]/Q
                         net (fo=37, routed)          0.839     0.850    u_lcos_top/u_lcos_pg_top/u_lcos_pg_reg_top/u_fmc_bridge_lcos_pg_reg/r_sys_raddr[0]
    SLICE_X46Y49         LUT6 (Prop_lut6_I0_O)        0.105     0.955 f  u_lcos_top/u_lcos_pg_top/u_lcos_pg_reg_top/u_fmc_bridge_lcos_pg_reg/r_reg_rdata[15]_i_95/O
                         net (fo=1, routed)           0.000     0.955    u_lcos_top/u_lcos_pg_top/u_lcos_pg_reg_top/u_fmc_bridge_lcos_pg_reg/r_reg_rdata[15]_i_95_n_0
    SLICE_X46Y49         MUXF7 (Prop_muxf7_I1_O)      0.178     1.133 f  u_lcos_top/u_lcos_pg_top/u_lcos_pg_reg_top/u_fmc_bridge_lcos_pg_reg/r_reg_rdata_reg[15]_i_80/O
                         net (fo=1, routed)           0.544     1.677    u_lcos_top/u_lcos_pg_top/u_lcos_pg_reg_top/u_fmc_bridge_lcos_pg_reg/r_reg_rdata_reg[15]_i_80_n_0
    SLICE_X47Y49         LUT6 (Prop_lut6_I5_O)        0.241     1.918 f  u_lcos_top/u_lcos_pg_top/u_lcos_pg_reg_top/u_fmc_bridge_lcos_pg_reg/r_reg_rdata[15]_i_54/O
                         net (fo=4, routed)           0.697     2.615    u_lcos_top/u_lcos_pg_top/u_lcos_pg_reg_top/u_fmc_bridge_lcos_pg_reg/r_reg_rdata[15]_i_54_n_0
    SLICE_X49Y50         LUT6 (Prop_lut6_I4_O)        0.105     2.720 f  u_lcos_top/u_lcos_pg_top/u_lcos_pg_reg_top/u_fmc_bridge_lcos_pg_reg/r_reg_rdata[15]_i_44/O
                         net (fo=133, routed)         0.527     3.248    u_lcos_top/u_lcos_pg_top/u_lcos_pg_reg_top/u_fmc_bridge_lcos_pg_reg/r_sys_raddr_reg[3]_0
    SLICE_X50Y52         LUT3 (Prop_lut3_I0_O)        0.105     3.353 f  u_lcos_top/u_lcos_pg_top/u_lcos_pg_reg_top/u_fmc_bridge_lcos_pg_reg/r_reg_rdata[31]_i_34/O
                         net (fo=10, routed)          0.815     4.167    u_lcos_top/u_lcos_pg_top/u_lcos_pg_reg_top/u_fmc_bridge_lcos_pg_reg/r_reg_rdata[31]_i_34_n_0
    SLICE_X53Y52         LUT6 (Prop_lut6_I5_O)        0.105     4.272 f  u_lcos_top/u_lcos_pg_top/u_lcos_pg_reg_top/u_fmc_bridge_lcos_pg_reg/r_reg_rdata[31]_i_13/O
                         net (fo=16, routed)          1.040     5.312    u_lcos_top/u_lcos_pg_top/u_lcos_pg_reg_top/u_fmc_bridge_lcos_pg_reg/r_reg_rdata[31]_i_13_n_0
    SLICE_X60Y55         LUT6 (Prop_lut6_I1_O)        0.105     5.417 f  u_lcos_top/u_lcos_pg_top/u_lcos_pg_reg_top/u_fmc_bridge_lcos_pg_reg/r_reg_rdata[17]_i_2/O
                         net (fo=1, routed)           0.000     5.417    u_lcos_top/u_lcos_pg_top/u_lcos_pg_reg_top/u_fmc_bridge_lcos_pg_reg/r_reg_rdata[17]_i_2_n_0
    SLICE_X60Y55         MUXF7 (Prop_muxf7_I0_O)      0.173     5.590 f  u_lcos_top/u_lcos_pg_top/u_lcos_pg_reg_top/u_fmc_bridge_lcos_pg_reg/r_reg_rdata_reg[17]_i_1/O
                         net (fo=1, routed)           0.000     5.590    u_lcos_top/u_lcos_pg_top/u_lcos_pg_reg_top/u_lcos_pg_reg_get/r_reg_rdata_reg[17]_0
    SLICE_X60Y55         FDRE                                         f  u_lcos_top/u_lcos_pg_top/u_lcos_pg_reg_top/u_lcos_pg_reg_get/r_reg_rdata_reg[17]/D
  -------------------------------------------------------------------    -------------------

                         (clock clk_out3_ip_clk_wiz_lcos_pclk rise edge)
                                                      6.410     6.410 r  
                         clock source latency        -3.994     2.416    
    MMCME2_ADV_X0Y3      MMCME2_ADV                   0.000     2.416 r  ip_clk_wiz_lcos_pclk/inst/mmcm_adv_inst/CLKOUT2
                         net (fo=1, routed)           1.633     4.049    ip_clk_wiz_lcos_pclk/inst/clk_out3_ip_clk_wiz_lcos_pclk
    BUFGCTRL_X0Y19       BUFG (Prop_bufg_I_O)         0.077     4.126 r  ip_clk_wiz_lcos_pclk/inst/clkout3_buf/O
                         net (fo=10007, routed)       1.263     5.389    u_lcos_top/u_lcos_pg_top/u_lcos_pg_reg_top/u_lcos_pg_reg_get/clk_out3
    SLICE_X60Y55         FDRE                                         r  u_lcos_top/u_lcos_pg_top/u_lcos_pg_reg_top/u_lcos_pg_reg_get/r_reg_rdata_reg[17]/C
                         clock pessimism              0.344     5.733    
                         clock uncertainty           -0.154     5.579    
    SLICE_X60Y55         FDRE (Setup_fdre_C_D)        0.104     5.683    u_lcos_top/u_lcos_pg_top/u_lcos_pg_reg_top/u_lcos_pg_reg_get/r_reg_rdata_reg[17]
  -------------------------------------------------------------------
                         required time                          5.683    
                         arrival time                          -5.590    
  -------------------------------------------------------------------
                         slack                                  0.093    

Slack (MET) :             0.107ns  (required time - arrival time)
  Source:                 u_lcos_top/u_lcos_pg_top/u_lcos_pg_reg_top/u_fmc_bridge_lcos_pg_reg/r_sys_raddr_reg[0]/C
                            (rising edge-triggered cell FDRE clocked by clk_out3_ip_clk_wiz_lcos_pclk  {rise@0.000ns fall@3.205ns period=6.410ns})
  Destination:            u_lcos_top/u_lcos_pg_top/u_lcos_pg_reg_top/u_lcos_pg_reg_get/r_reg_rdata_reg[15]/D
                            (rising edge-triggered cell FDRE clocked by clk_out3_ip_clk_wiz_lcos_pclk  {rise@0.000ns fall@3.205ns period=6.410ns})
  Path Group:             clk_out3_ip_clk_wiz_lcos_pclk
  Path Type:              Setup (Max at Slow Process Corner)
  Requirement:            6.410ns  (clk_out3_ip_clk_wiz_lcos_pclk rise@6.410ns - clk_out3_ip_clk_wiz_lcos_pclk rise@0.000ns)
  Data Path Delay:        5.965ns  (logic 1.686ns (28.263%)  route 4.279ns (71.737%))
  Logic Levels:           8  (LUT3=1 LUT6=5 MUXF7=2)
  Clock Path Skew:        -0.258ns (DCD - SCD + CPR)
    Destination Clock Delay (DCD):    -1.024ns = ( 5.386 - 6.410 ) 
    Source Clock Delay      (SCD):    -0.422ns
    Clock Pessimism Removal (CPR):    0.344ns
  Clock Uncertainty:      0.154ns  ((TSJ^2 + DJ^2)^1/2) / 2 + PE
    Total System Jitter     (TSJ):    0.071ns
    Discrete Jitter          (DJ):    0.299ns
    Phase Error              (PE):    0.000ns

    Location             Delay type                Incr(ns)  Path(ns)    Netlist Resource(s)
  -------------------------------------------------------------------    -------------------
                         (clock clk_out3_ip_clk_wiz_lcos_pclk rise edge)
                                                      0.000     0.000 r  
                         clock source latency        -3.742    -3.742    
    MMCME2_ADV_X0Y3      MMCME2_ADV                   0.000    -3.742 r  ip_clk_wiz_lcos_pclk/inst/mmcm_adv_inst/CLKOUT2
                         net (fo=1, routed)           1.714    -2.028    ip_clk_wiz_lcos_pclk/inst/clk_out3_ip_clk_wiz_lcos_pclk
    BUFGCTRL_X0Y19       BUFG (Prop_bufg_I_O)         0.081    -1.947 r  ip_clk_wiz_lcos_pclk/inst/clkout3_buf/O
                         net (fo=10007, routed)       1.525    -0.422    u_lcos_top/u_lcos_pg_top/u_lcos_pg_reg_top/u_fmc_bridge_lcos_pg_reg/clk_out3
    SLICE_X46Y48         FDRE                                         r  u_lcos_top/u_lcos_pg_top/u_lcos_pg_reg_top/u_fmc_bridge_lcos_pg_reg/r_sys_raddr_reg[0]/C
  -------------------------------------------------------------------    -------------------
    SLICE_X46Y48         FDRE (Prop_fdre_C_Q)         0.433     0.011 f  u_lcos_top/u_lcos_pg_top/u_lcos_pg_reg_top/u_fmc_bridge_lcos_pg_reg/r_sys_raddr_reg[0]/Q
                         net (fo=37, routed)          0.839     0.850    u_lcos_top/u_lcos_pg_top/u_lcos_pg_reg_top/u_fmc_bridge_lcos_pg_reg/r_sys_raddr[0]
    SLICE_X46Y49         LUT6 (Prop_lut6_I0_O)        0.105     0.955 r  u_lcos_top/u_lcos_pg_top/u_lcos_pg_reg_top/u_fmc_bridge_lcos_pg_reg/r_reg_rdata[15]_i_95/O
                         net (fo=1, routed)           0.000     0.955    u_lcos_top/u_lcos_pg_top/u_lcos_pg_reg_top/u_fmc_bridge_lcos_pg_reg/r_reg_rdata[15]_i_95_n_0
    SLICE_X46Y49         MUXF7 (Prop_muxf7_I1_O)      0.178     1.133 r  u_lcos_top/u_lcos_pg_top/u_lcos_pg_reg_top/u_fmc_bridge_lcos_pg_reg/r_reg_rdata_reg[15]_i_80/O
                         net (fo=1, routed)           0.544     1.677    u_lcos_top/u_lcos_pg_top/u_lcos_pg_reg_top/u_fmc_bridge_lcos_pg_reg/r_reg_rdata_reg[15]_i_80_n_0
    SLICE_X47Y49         LUT6 (Prop_lut6_I5_O)        0.241     1.918 r  u_lcos_top/u_lcos_pg_top/u_lcos_pg_reg_top/u_fmc_bridge_lcos_pg_reg/r_reg_rdata[15]_i_54/O
                         net (fo=4, routed)           0.697     2.615    u_lcos_top/u_lcos_pg_top/u_lcos_pg_reg_top/u_fmc_bridge_lcos_pg_reg/r_reg_rdata[15]_i_54_n_0
    SLICE_X49Y50         LUT6 (Prop_lut6_I4_O)        0.105     2.720 r  u_lcos_top/u_lcos_pg_top/u_lcos_pg_reg_top/u_fmc_bridge_lcos_pg_reg/r_reg_rdata[15]_i_44/O
                         net (fo=133, routed)         0.527     3.248    u_lcos_top/u_lcos_pg_top/u_lcos_pg_reg_top/u_fmc_bridge_lcos_pg_reg/r_sys_raddr_reg[3]_0
    SLICE_X50Y52         LUT3 (Prop_lut3_I0_O)        0.105     3.353 r  u_lcos_top/u_lcos_pg_top/u_lcos_pg_reg_top/u_fmc_bridge_lcos_pg_reg/r_reg_rdata[31]_i_34/O
                         net (fo=10, routed)          1.005     4.357    u_lcos_top/u_lcos_pg_top/u_lcos_pg_reg_top/u_fmc_bridge_lcos_pg_reg/r_reg_rdata[31]_i_34_n_0
    SLICE_X56Y49         LUT6 (Prop_lut6_I5_O)        0.105     4.462 r  u_lcos_top/u_lcos_pg_top/u_lcos_pg_reg_top/u_fmc_bridge_lcos_pg_reg/r_reg_rdata[15]_i_12/O
                         net (fo=1, routed)           0.000     4.462    u_lcos_top/u_lcos_pg_top/u_lcos_pg_reg_top/u_fmc_bridge_lcos_pg_reg/r_reg_rdata[15]_i_12_n_0
    SLICE_X56Y49         MUXF7 (Prop_muxf7_I0_O)      0.173     4.635 r  u_lcos_top/u_lcos_pg_top/u_lcos_pg_reg_top/u_fmc_bridge_lcos_pg_reg/r_reg_rdata_reg[15]_i_4/O
                         net (fo=1, routed)           0.667     5.303    u_lcos_top/u_lcos_pg_top/u_lcos_pg_reg_top/u_fmc_bridge_lcos_pg_reg/r_reg_rdata_reg[15]_i_4_n_0
    SLICE_X54Y51         LUT6 (Prop_lut6_I3_O)        0.241     5.544 r  u_lcos_top/u_lcos_pg_top/u_lcos_pg_reg_top/u_fmc_bridge_lcos_pg_reg/r_reg_rdata[15]_i_1/O
                         net (fo=1, routed)           0.000     5.544    u_lcos_top/u_lcos_pg_top/u_lcos_pg_reg_top/u_lcos_pg_reg_get/r_reg_rdata_reg[15]_0
    SLICE_X54Y51         FDRE                                         r  u_lcos_top/u_lcos_pg_top/u_lcos_pg_reg_top/u_lcos_pg_reg_get/r_reg_rdata_reg[15]/D
  -------------------------------------------------------------------    -------------------

                         (clock clk_out3_ip_clk_wiz_lcos_pclk rise edge)
                                                      6.410     6.410 r  
                         clock source latency        -3.994     2.416    
    MMCME2_ADV_X0Y3      MMCME2_ADV                   0.000     2.416 r  ip_clk_wiz_lcos_pclk/inst/mmcm_adv_inst/CLKOUT2
                         net (fo=1, routed)           1.633     4.049    ip_clk_wiz_lcos_pclk/inst/clk_out3_ip_clk_wiz_lcos_pclk
    BUFGCTRL_X0Y19       BUFG (Prop_bufg_I_O)         0.077     4.126 r  ip_clk_wiz_lcos_pclk/inst/clkout3_buf/O
                         net (fo=10007, routed)       1.260     5.386    u_lcos_top/u_lcos_pg_top/u_lcos_pg_reg_top/u_lcos_pg_reg_get/clk_out3
    SLICE_X54Y51         FDRE                                         r  u_lcos_top/u_lcos_pg_top/u_lcos_pg_reg_top/u_lcos_pg_reg_get/r_reg_rdata_reg[15]/C
                         clock pessimism              0.344     5.730    
                         clock uncertainty           -0.154     5.576    
    SLICE_X54Y51         FDRE (Setup_fdre_C_D)        0.074     5.650    u_lcos_top/u_lcos_pg_top/u_lcos_pg_reg_top/u_lcos_pg_reg_get/r_reg_rdata_reg[15]
  -------------------------------------------------------------------
                         required time                          5.650    
                         arrival time                          -5.544    
  -------------------------------------------------------------------
                         slack                                  0.107    

Slack (MET) :             0.107ns  (required time - arrival time)
  Source:                 u_lcos_top/u_lcos_pg_top/u_lcos_pg_reg_top/u_fmc_bridge_lcos_pg_reg/r_sys_raddr_reg[0]/C
                            (rising edge-triggered cell FDRE clocked by clk_out3_ip_clk_wiz_lcos_pclk  {rise@0.000ns fall@3.205ns period=6.410ns})
  Destination:            u_lcos_top/u_lcos_pg_top/u_lcos_pg_reg_top/u_lcos_pg_reg_get/r_reg_rdata_reg[15]/D
                            (rising edge-triggered cell FDRE clocked by clk_out3_ip_clk_wiz_lcos_pclk  {rise@0.000ns fall@3.205ns period=6.410ns})
  Path Group:             clk_out3_ip_clk_wiz_lcos_pclk
  Path Type:              Setup (Max at Slow Process Corner)
  Requirement:            6.410ns  (clk_out3_ip_clk_wiz_lcos_pclk rise@6.410ns - clk_out3_ip_clk_wiz_lcos_pclk rise@0.000ns)
  Data Path Delay:        5.965ns  (logic 1.686ns (28.263%)  route 4.279ns (71.737%))
  Logic Levels:           8  (LUT3=1 LUT6=5 MUXF7=2)
  Clock Path Skew:        -0.258ns (DCD - SCD + CPR)
    Destination Clock Delay (DCD):    -1.024ns = ( 5.386 - 6.410 ) 
    Source Clock Delay      (SCD):    -0.422ns
    Clock Pessimism Removal (CPR):    0.344ns
  Clock Uncertainty:      0.154ns  ((TSJ^2 + DJ^2)^1/2) / 2 + PE
    Total System Jitter     (TSJ):    0.071ns
    Discrete Jitter          (DJ):    0.299ns
    Phase Error              (PE):    0.000ns

    Location             Delay type                Incr(ns)  Path(ns)    Netlist Resource(s)
  -------------------------------------------------------------------    -------------------
                         (clock clk_out3_ip_clk_wiz_lcos_pclk rise edge)
                                                      0.000     0.000 r  
                         clock source latency        -3.742    -3.742    
    MMCME2_ADV_X0Y3      MMCME2_ADV                   0.000    -3.742 r  ip_clk_wiz_lcos_pclk/inst/mmcm_adv_inst/CLKOUT2
                         net (fo=1, routed)           1.714    -2.028    ip_clk_wiz_lcos_pclk/inst/clk_out3_ip_clk_wiz_lcos_pclk
    BUFGCTRL_X0Y19       BUFG (Prop_bufg_I_O)         0.081    -1.947 r  ip_clk_wiz_lcos_pclk/inst/clkout3_buf/O
                         net (fo=10007, routed)       1.525    -0.422    u_lcos_top/u_lcos_pg_top/u_lcos_pg_reg_top/u_fmc_bridge_lcos_pg_reg/clk_out3
    SLICE_X46Y48         FDRE                                         r  u_lcos_top/u_lcos_pg_top/u_lcos_pg_reg_top/u_fmc_bridge_lcos_pg_reg/r_sys_raddr_reg[0]/C
  -------------------------------------------------------------------    -------------------
    SLICE_X46Y48         FDRE (Prop_fdre_C_Q)         0.433     0.011 r  u_lcos_top/u_lcos_pg_top/u_lcos_pg_reg_top/u_fmc_bridge_lcos_pg_reg/r_sys_raddr_reg[0]/Q
                         net (fo=37, routed)          0.839     0.850    u_lcos_top/u_lcos_pg_top/u_lcos_pg_reg_top/u_fmc_bridge_lcos_pg_reg/r_sys_raddr[0]
    SLICE_X46Y49         LUT6 (Prop_lut6_I0_O)        0.105     0.955 f  u_lcos_top/u_lcos_pg_top/u_lcos_pg_reg_top/u_fmc_bridge_lcos_pg_reg/r_reg_rdata[15]_i_95/O
                         net (fo=1, routed)           0.000     0.955    u_lcos_top/u_lcos_pg_top/u_lcos_pg_reg_top/u_fmc_bridge_lcos_pg_reg/r_reg_rdata[15]_i_95_n_0
    SLICE_X46Y49         MUXF7 (Prop_muxf7_I1_O)      0.178     1.133 f  u_lcos_top/u_lcos_pg_top/u_lcos_pg_reg_top/u_fmc_bridge_lcos_pg_reg/r_reg_rdata_reg[15]_i_80/O
                         net (fo=1, routed)           0.544     1.677    u_lcos_top/u_lcos_pg_top/u_lcos_pg_reg_top/u_fmc_bridge_lcos_pg_reg/r_reg_rdata_reg[15]_i_80_n_0
    SLICE_X47Y49         LUT6 (Prop_lut6_I5_O)        0.241     1.918 f  u_lcos_top/u_lcos_pg_top/u_lcos_pg_reg_top/u_fmc_bridge_lcos_pg_reg/r_reg_rdata[15]_i_54/O
                         net (fo=4, routed)           0.697     2.615    u_lcos_top/u_lcos_pg_top/u_lcos_pg_reg_top/u_fmc_bridge_lcos_pg_reg/r_reg_rdata[15]_i_54_n_0
    SLICE_X49Y50         LUT6 (Prop_lut6_I4_O)        0.105     2.720 f  u_lcos_top/u_lcos_pg_top/u_lcos_pg_reg_top/u_fmc_bridge_lcos_pg_reg/r_reg_rdata[15]_i_44/O
                         net (fo=133, routed)         0.527     3.248    u_lcos_top/u_lcos_pg_top/u_lcos_pg_reg_top/u_fmc_bridge_lcos_pg_reg/r_sys_raddr_reg[3]_0
    SLICE_X50Y52         LUT3 (Prop_lut3_I0_O)        0.105     3.353 f  u_lcos_top/u_lcos_pg_top/u_lcos_pg_reg_top/u_fmc_bridge_lcos_pg_reg/r_reg_rdata[31]_i_34/O
                         net (fo=10, routed)          1.005     4.357    u_lcos_top/u_lcos_pg_top/u_lcos_pg_reg_top/u_fmc_bridge_lcos_pg_reg/r_reg_rdata[31]_i_34_n_0
    SLICE_X56Y49         LUT6 (Prop_lut6_I5_O)        0.105     4.462 f  u_lcos_top/u_lcos_pg_top/u_lcos_pg_reg_top/u_fmc_bridge_lcos_pg_reg/r_reg_rdata[15]_i_12/O
                         net (fo=1, routed)           0.000     4.462    u_lcos_top/u_lcos_pg_top/u_lcos_pg_reg_top/u_fmc_bridge_lcos_pg_reg/r_reg_rdata[15]_i_12_n_0
    SLICE_X56Y49         MUXF7 (Prop_muxf7_I0_O)      0.173     4.635 f  u_lcos_top/u_lcos_pg_top/u_lcos_pg_reg_top/u_fmc_bridge_lcos_pg_reg/r_reg_rdata_reg[15]_i_4/O
                         net (fo=1, routed)           0.667     5.303    u_lcos_top/u_lcos_pg_top/u_lcos_pg_reg_top/u_fmc_bridge_lcos_pg_reg/r_reg_rdata_reg[15]_i_4_n_0
    SLICE_X54Y51         LUT6 (Prop_lut6_I3_O)        0.241     5.544 f  u_lcos_top/u_lcos_pg_top/u_lcos_pg_reg_top/u_fmc_bridge_lcos_pg_reg/r_reg_rdata[15]_i_1/O
                         net (fo=1, routed)           0.000     5.544    u_lcos_top/u_lcos_pg_top/u_lcos_pg_reg_top/u_lcos_pg_reg_get/r_reg_rdata_reg[15]_0
    SLICE_X54Y51         FDRE                                         f  u_lcos_top/u_lcos_pg_top/u_lcos_pg_reg_top/u_lcos_pg_reg_get/r_reg_rdata_reg[15]/D
  -------------------------------------------------------------------    -------------------

                         (clock clk_out3_ip_clk_wiz_lcos_pclk rise edge)
                                                      6.410     6.410 r  
                         clock source latency        -3.994     2.416    
    MMCME2_ADV_X0Y3      MMCME2_ADV                   0.000     2.416 r  ip_clk_wiz_lcos_pclk/inst/mmcm_adv_inst/CLKOUT2
                         net (fo=1, routed)           1.633     4.049    ip_clk_wiz_lcos_pclk/inst/clk_out3_ip_clk_wiz_lcos_pclk
    BUFGCTRL_X0Y19       BUFG (Prop_bufg_I_O)         0.077     4.126 r  ip_clk_wiz_lcos_pclk/inst/clkout3_buf/O
                         net (fo=10007, routed)       1.260     5.386    u_lcos_top/u_lcos_pg_top/u_lcos_pg_reg_top/u_lcos_pg_reg_get/clk_out3
    SLICE_X54Y51         FDRE                                         r  u_lcos_top/u_lcos_pg_top/u_lcos_pg_reg_top/u_lcos_pg_reg_get/r_reg_rdata_reg[15]/C
                         clock pessimism              0.344     5.730    
                         clock uncertainty           -0.154     5.576    
    SLICE_X54Y51         FDRE (Setup_fdre_C_D)        0.074     5.650    u_lcos_top/u_lcos_pg_top/u_lcos_pg_reg_top/u_lcos_pg_reg_get/r_reg_rdata_reg[15]
  -------------------------------------------------------------------
                         required time                          5.650    
                         arrival time                          -5.544    
  -------------------------------------------------------------------
                         slack                                  0.107    




