Copyright 1986-2019 Xilinx, Inc. All Rights Reserved.
--------------------------------------------------------------------------------------------------------------------------------------------------------------------------------------------------------------------------------------
| Tool Version : Vivado v.2019.2 (lin64) Build 2708876 Wed Nov  6 21:39:14 MST 2019
| Date         : Tue Mar  3 14:56:19 2026
| Host         : lc-kjlee-pc running 64-bit Ubuntu 24.04.3 LTS
| Command      : report_design_analysis -congestion -complexity -logic_level_distribution -file /home/lc-kjlee-pc/works/fpga/20260202_MLC60_FPGA_100_630A_DDR/MLC_FPGA.reports/post_route_revA_20260303_145526/04/Design_Analysis.rpt
| Design       : top_with_ddr3
| Device       : xc7a100t
| Design State : Routed
--------------------------------------------------------------------------------------------------------------------------------------------------------------------------------------------------------------------------------------

Report Design Analysis

Table of Contents
-----------------
1. Logic Level Distribution
2. Complexity Characteristics (Cells)
3. Placer Final Level Congestion Reporting
4. Initial Estimated Router Congestion Reporting
5. SLR Net Crossing Reporting

1. Logic Level Distribution
---------------------------

+---------------------------------+-------------+-----+-----+----+---+---+----+----+---+
|         End Point Clock         | Requirement |  0  |  1  |  2 | 3 | 4 |  5 |  8 | 9 |
+---------------------------------+-------------+-----+-----+----+---+---+----+----+---+
| clk_out1_ip_clk_wiz_lcos_sftcck | 5.061ns     |   1 |   0 |  0 | 0 | 0 |  0 |  0 | 0 |
| clk_out2_ip_clk_wiz_lcos_sftcck | 5.061ns     |   1 |   0 |  0 | 0 | 0 |  0 |  0 | 0 |
| clk_out3_ip_clk_wiz_lcos_pclk   | 6.410ns     | 610 | 308 | 17 | 4 | 4 | 21 | 26 | 6 |
| mem_refclk                      | 1.731ns     |   2 |   0 |  0 | 0 | 0 |  0 |  0 | 0 |
+---------------------------------+-------------+-----+-----+----+---+---+----+----+---+
* Columns represent the logic levels per end point clock
** Distribution is for top worst 1000 paths


2. Complexity Characteristics (Cells)
-------------------------------------

+----------------------+-------------------+------+----------------+-----------------+-------------+--------------+-------------+-------------+-------------+-------------+------------+-----+------+------+------+
|       Instance       |       Module      | Rent | Average Fanout | Total Instances |     LUT1    |     LUT2     |     LUT3    |     LUT4    |     LUT5    |     LUT6    | Memory LUT | DSP | RAMB | MUXF | URAM |
+----------------------+-------------------+------+----------------+-----------------+-------------+--------------+-------------+-------------+-------------+-------------+------------+-----+------+------+------+
| (top)                |     top_with_ddr3 | 0.28 |           2.34 |           83310 | 9903(23.6%) | 13669(32.6%) | 5663(13.5%) |  4124(9.8%) |  3115(7.4%) | 5504(13.1%) |       1180 | 133 |  162 |  293 |    0 |
|  u_ddr3_top          |          ddr3_top | 0.43 |           3.23 |           12835 |   383(6.4%) |   615(10.2%) | 1087(18.1%) | 1054(17.5%) | 1359(22.6%) | 1518(25.2%) |         18 |   0 |   14 |   45 |    0 |
|  u_lcos_top          |          lcos_top | 0.47 |           2.44 |           27488 |   350(3.4%) |  1679(16.5%) | 3185(31.2%) | 1710(16.8%) | 1220(12.0%) | 2058(20.2%) |       1128 |  69 |  147 |  248 |    0 |
|  u_sys_top_with_ddr3 | sys_top_with_ddr3 |   -^ |           1.95 |           42437 | 9161(36.0%) | 11235(44.2%) |  1356(5.3%) |  1351(5.3%) |   527(2.1%) |  1811(7.1%) |         34 |  64 |    1 |    0 |    0 |
+----------------------+-------------------+------+----------------+-----------------+-------------+--------------+-------------+-------------+-------------+-------------+------------+-----+------+------+------+
* Complexity Ranges 
** 0.0 - 0.3 -> Very Low, 0.3 - 0.5 -> low, 0.5 - 0.65 -> normal,  0.65 - 0.85 -> high, 0.85 - 1.0 -> very high
*** -* -> Not computable as cell size is very small
**** -^ -> There is no trend between module partitions and external edges. Hence Rent is not computable


3. Placer Final Level Congestion Reporting
------------------------------------------

+-----------+-------+------------+--------+---------------+---------------+-----+--------+------+------+------+-----+-------+-----+------------+
| Direction | Level | Congestion | Window | Combined LUTs | Avg LUT Input | LUT | LUTRAM | Flop | MUXF | RAMB | DSP | CARRY | SRL | Cell Names |
+-----------+-------+------------+--------+---------------+---------------+-----+--------+------+------+------+-----+-------+-----+------------+
* No congestion windows are found above level 5


4. Initial Estimated Router Congestion Reporting
------------------------------------------------

+-----------+------+-------+------------------+--------+---------------+---------------+-----+--------+------+------+------+-----+-------+-----+------------+
| Direction | Type | Level | Percentage Tiles | Window | Combined LUTs | Avg LUT Input | LUT | LUTRAM | Flop | MUXF | RAMB | DSP | CARRY | SRL | Cell Names |
+-----------+------+-------+------------------+--------+---------------+---------------+-----+--------+------+------+------+-----+-------+-----+------------+
* No effective congestion windows are found above level 5


5. SLR Net Crossing Reporting
-----------------------------

+------------+-----------------------------+
| Cell Names | Number of Nets crossing SLR |
+------------+-----------------------------+
* The current part is not an SSI device


