Device Grade = industrial
Process Type = maximum
Junction Temp = 85.8 (C)
Ambient Temp = 80.0 (C)
ThetaJa = 2.6
ThetaSa = 4.6 (C/W)
ThetaJb = 6.8 (C/W)
Airflow = 250 (LFM)
Heat Sink Type = medium (Medium Profile)
Board Type = medium (10"x10")
Board Temp = 25.0 (C)
Number Of Board Layers = 12to15 (12 to 15 Layers)
Vccint = 1.000 V
Vccaux = 1.800 V
Vcco33 = 3.300 V
Vcco25 = 2.500 V
Vcco18 = 1.800 V
Vcco15 = 1.500 V
Vcco135 = 1.350 V
Vcco12 = 1.200 V
Vccaux_io = 1.800 V
Vccbram = 1.000 V
MGTAVcc = 1.000 V
MGTAVtt = 1.200 V
Vccadc = 1.800 V
Design Power Budget = Unspecified
